<?xml version="1.0" encoding="UTF-8"?>
<coverage generated="1771930724863" clover="3.2.0">
  <project timestamp="1771930724863" name="All files">
    <metrics statements="313" coveredstatements="227" conditionals="375" coveredconditionals="207" methods="99" coveredmethods="55" elements="787" coveredelements="489" complexity="0" loc="313" ncloc="313" packages="1" files="4" classes="4"/>
    <file name="InfiniteScrollResults.jsx" path="/home/neo/beacon-search/frontend/src/components/InfiniteScrollResults.jsx">
      <metrics statements="96" coveredstatements="74" conditionals="108" coveredconditionals="65" methods="22" coveredmethods="16"/>
      <line num="10" count="1" type="stmt"/>
      <line num="11" count="1" type="stmt"/>
      <line num="13" count="1" type="cond" truecount="1" falsecount="1"/>
      <line num="14" count="0" type="cond" truecount="0" falsecount="2"/>
      <line num="17" count="1" type="cond" truecount="1" falsecount="1"/>
      <line num="18" count="0" type="stmt"/>
      <line num="19" count="0" type="stmt"/>
      <line num="20" count="0" type="cond" truecount="0" falsecount="4"/>
      <line num="23" count="1" type="stmt"/>
      <line num="26" count="1" type="stmt"/>
      <line num="34" count="6" type="stmt"/>
      <line num="35" count="6" type="stmt"/>
      <line num="36" count="6" type="stmt"/>
      <line num="37" count="6" type="stmt"/>
      <line num="38" count="6" type="stmt"/>
      <line num="39" count="6" type="stmt"/>
      <line num="40" count="6" type="stmt"/>
      <line num="42" count="6" type="stmt"/>
      <line num="43" count="6" type="stmt"/>
      <line num="46" count="6" type="stmt"/>
      <line num="47" count="2" type="stmt"/>
      <line num="48" count="2" type="stmt"/>
      <line num="49" count="2" type="stmt"/>
      <line num="50" count="2" type="stmt"/>
      <line num="54" count="6" type="stmt"/>
      <line num="55" count="5" type="cond" truecount="4" falsecount="0"/>
      <line num="57" count="2" type="stmt"/>
      <line num="58" count="2" type="stmt"/>
      <line num="60" count="2" type="stmt"/>
      <line num="61" count="2" type="stmt"/>
      <line num="62" count="2" type="cond" truecount="1" falsecount="1"/>
      <line num="63" count="2" type="stmt"/>
      <line num="64" count="2" type="stmt"/>
      <line num="65" count="2" type="stmt"/>
      <line num="68" count="2" type="cond" truecount="2" falsecount="0"/>
      <line num="69" count="1" type="stmt"/>
      <line num="71" count="2" type="cond" truecount="1" falsecount="1"/>
      <line num="72" count="2" type="stmt"/>
      <line num="74" count="2" type="cond" truecount="1" falsecount="1"/>
      <line num="75" count="0" type="stmt"/>
      <line num="78" count="2" type="stmt"/>
      <line num="80" count="1" type="cond" truecount="1" falsecount="1"/>
      <line num="81" count="0" type="stmt"/>
      <line num="84" count="1" type="stmt"/>
      <line num="86" count="1" type="stmt"/>
      <line num="87" count="1" type="stmt"/>
      <line num="88" count="1" type="stmt"/>
      <line num="89" count="1" type="stmt"/>
      <line num="92" count="1" type="stmt"/>
      <line num="93" count="1" type="stmt"/>
      <line num="94" count="1" type="stmt"/>
      <line num="96" count="2" type="stmt"/>
      <line num="101" count="6" type="stmt"/>
      <line num="102" count="6" type="cond" truecount="4" falsecount="0"/>
      <line num="103" count="5" type="stmt"/>
      <line num="108" count="6" type="stmt"/>
      <line num="109" count="6" type="stmt"/>
      <line num="111" count="0" type="cond" truecount="0" falsecount="5"/>
      <line num="112" count="0" type="stmt"/>
      <line num="118" count="6" type="stmt"/>
      <line num="119" count="6" type="cond" truecount="2" falsecount="0"/>
      <line num="120" count="2" type="stmt"/>
      <line num="123" count="6" type="stmt"/>
      <line num="124" count="6" type="cond" truecount="2" falsecount="0"/>
      <line num="125" count="2" type="stmt"/>
      <line num="130" count="6" type="cond" truecount="0" falsecount="1"/>
      <line num="131" count="0" type="stmt"/>
      <line num="134" count="6" type="stmt"/>
      <line num="135" count="0" type="stmt"/>
      <line num="138" count="6" type="cond" truecount="4" falsecount="0"/>
      <line num="139" count="1" type="stmt"/>
      <line num="150" count="5" type="stmt"/>
      <line num="179" count="1" type="stmt"/>
      <line num="235" count="1" type="stmt"/>
      <line num="236" count="1" type="cond" truecount="1" falsecount="1"/>
      <line num="237" count="0" type="cond" truecount="0" falsecount="4"/>
      <line num="238" count="0" type="stmt"/>
      <line num="239" count="0" type="stmt"/>
      <line num="241" count="0" type="stmt"/>
      <line num="244" count="0" type="stmt"/>
      <line num="246" count="1" type="stmt"/>
      <line num="249" count="1" type="stmt"/>
      <line num="250" count="1" type="cond" truecount="1" falsecount="1"/>
      <line num="251" count="1" type="cond" truecount="1" falsecount="1"/>
      <line num="252" count="0" type="cond" truecount="0" falsecount="2"/>
      <line num="253" count="0" type="stmt"/>
      <line num="256" count="1" type="cond" truecount="1" falsecount="1"/>
      <line num="258" count="1" type="stmt"/>
      <line num="261" count="1" type="cond" truecount="2" falsecount="0"/>
      <line num="277" count="0" type="stmt"/>
      <line num="278" count="0" type="stmt"/>
      <line num="286" count="0" type="stmt"/>
      <line num="310" count="1" type="stmt"/>
      <line num="328" count="0" type="stmt"/>
      <line num="331" count="1" type="stmt"/>
      <line num="332" count="0" type="stmt"/>
    </file>
    <file name="MediaViewer.jsx" path="/home/neo/beacon-search/frontend/src/components/MediaViewer.jsx">
      <metrics statements="33" coveredstatements="25" conditionals="35" coveredconditionals="23" methods="17" coveredmethods="8"/>
      <line num="10" count="6" type="stmt"/>
      <line num="11" count="6" type="stmt"/>
      <line num="12" count="6" type="stmt"/>
      <line num="14" count="6" type="stmt"/>
      <line num="15" count="6" type="stmt"/>
      <line num="17" count="6" type="stmt"/>
      <line num="18" count="4" type="stmt"/>
      <line num="19" count="4" type="stmt"/>
      <line num="22" count="6" type="stmt"/>
      <line num="23" count="3" type="stmt"/>
      <line num="24" count="2" type="cond" truecount="2" falsecount="0"/>
      <line num="25" count="2" type="cond" truecount="1" falsecount="1"/>
      <line num="26" count="0" type="cond" truecount="0" falsecount="2"/>
      <line num="28" count="2" type="cond" truecount="2" falsecount="0"/>
      <line num="29" count="1" type="cond" truecount="1" falsecount="1"/>
      <line num="33" count="3" type="stmt"/>
      <line num="34" count="3" type="stmt"/>
      <line num="37" count="6" type="stmt"/>
      <line num="38" count="0" type="cond" truecount="0" falsecount="2"/>
      <line num="41" count="6" type="stmt"/>
      <line num="42" count="0" type="cond" truecount="0" falsecount="2"/>
      <line num="45" count="6" type="stmt"/>
      <line num="46" count="0" type="stmt"/>
      <line num="49" count="6" type="stmt"/>
      <line num="50" count="1" type="stmt"/>
      <line num="51" count="1" type="stmt"/>
      <line num="54" count="6" type="stmt"/>
      <line num="55" count="0" type="cond" truecount="0" falsecount="2"/>
      <line num="56" count="0" type="stmt"/>
      <line num="60" count="6" type="stmt"/>
      <line num="152" count="12" type="stmt"/>
      <line num="155" count="0" type="stmt"/>
      <line num="161" count="0" type="stmt"/>
    </file>
    <file name="RichContentView.jsx" path="/home/neo/beacon-search/frontend/src/components/RichContentView.jsx">
      <metrics statements="128" coveredstatements="87" conditionals="182" coveredconditionals="97" methods="41" coveredmethods="21"/>
      <line num="27" count="2" type="cond" truecount="1" falsecount="1"/>
      <line num="28" count="2" type="cond" truecount="3" falsecount="1"/>
      <line num="29" count="2" type="cond" truecount="1" falsecount="1"/>
      <line num="31" count="2" type="stmt"/>
      <line num="32" count="2" type="stmt"/>
      <line num="33" count="2" type="stmt"/>
      <line num="34" count="2" type="stmt"/>
      <line num="35" count="2" type="stmt"/>
      <line num="37" count="2" type="cond" truecount="1" falsecount="1"/>
      <line num="38" count="0" type="cond" truecount="0" falsecount="2"/>
      <line num="39" count="0" type="cond" truecount="0" falsecount="2"/>
      <line num="40" count="0" type="cond" truecount="0" falsecount="2"/>
      <line num="41" count="0" type="stmt"/>
      <line num="45" count="0" type="cond" truecount="0" falsecount="4"/>
      <line num="46" count="0" type="stmt"/>
      <line num="49" count="1" type="stmt"/>
      <line num="61" count="4" type="cond" truecount="1" falsecount="1"/>
      <line num="72" count="4" type="stmt"/>
      <line num="73" count="4" type="cond" truecount="4" falsecount="2"/>
      <line num="74" count="4" type="stmt"/>
      <line num="86" count="0" type="stmt"/>
      <line num="88" count="0" type="stmt"/>
      <line num="96" count="0" type="stmt"/>
      <line num="121" count="0" type="stmt"/>
      <line num="122" count="0" type="stmt"/>
      <line num="123" count="0" type="stmt"/>
      <line num="125" count="0" type="stmt"/>
      <line num="126" count="0" type="stmt"/>
      <line num="128" count="0" type="cond" truecount="0" falsecount="4"/>
      <line num="129" count="0" type="stmt"/>
      <line num="134" count="0" type="cond" truecount="0" falsecount="2"/>
      <line num="135" count="0" type="stmt"/>
      <line num="138" count="0" type="cond" truecount="0" falsecount="2"/>
      <line num="139" count="0" type="stmt"/>
      <line num="146" count="0" type="stmt"/>
      <line num="153" count="0" type="stmt"/>
      <line num="154" count="0" type="stmt"/>
      <line num="166" count="0" type="stmt"/>
      <line num="167" count="0" type="stmt"/>
      <line num="168" count="0" type="stmt"/>
      <line num="170" count="0" type="stmt"/>
      <line num="173" count="0" type="stmt"/>
      <line num="191" count="0" type="cond" truecount="0" falsecount="2"/>
      <line num="192" count="0" type="stmt"/>
      <line num="205" count="0" type="stmt"/>
      <line num="218" count="3" type="stmt"/>
      <line num="219" count="3" type="stmt"/>
      <line num="220" count="3" type="stmt"/>
      <line num="222" count="3" type="stmt"/>
      <line num="223" count="1" type="cond" truecount="1" falsecount="1"/>
      <line num="224" count="1" type="stmt"/>
      <line num="227" count="1" type="stmt"/>
      <line num="228" count="1" type="stmt"/>
      <line num="229" count="1" type="stmt"/>
      <line num="231" count="1" type="cond" truecount="1" falsecount="1"/>
      <line num="232" count="1" type="stmt"/>
      <line num="233" count="1" type="stmt"/>
      <line num="234" count="5" type="cond" truecount="3" falsecount="0"/>
      <line num="236" count="1" type="cond" truecount="1" falsecount="2"/>
      <line num="237" count="1" type="cond" truecount="3" falsecount="0"/>
      <line num="238" count="1" type="cond" truecount="2" falsecount="0"/>
      <line num="239" count="1" type="cond" truecount="2" falsecount="0"/>
      <line num="240" count="1" type="cond" truecount="1" falsecount="1"/>
      <line num="241" count="1" type="stmt"/>
      <line num="243" count="0" type="stmt"/>
      <line num="246" count="0" type="stmt"/>
      <line num="247" count="1" type="stmt"/>
      <line num="250" count="3" type="cond" truecount="2" falsecount="0"/>
      <line num="251" count="1" type="stmt"/>
      <line num="260" count="2" type="cond" truecount="4" falsecount="0"/>
      <line num="261" count="1" type="stmt"/>
      <line num="268" count="1" type="stmt"/>
      <line num="295" count="2" type="cond" truecount="3" falsecount="1"/>
      <line num="296" count="2" type="stmt"/>
      <line num="299" count="4" type="stmt"/>
      <line num="302" count="1" type="cond" truecount="2" falsecount="0"/>
      <line num="331" count="4" type="stmt"/>
      <line num="333" count="4" type="cond" truecount="1" falsecount="1"/>
      <line num="334" count="4" type="cond" truecount="1" falsecount="1"/>
      <line num="337" count="4" type="stmt"/>
      <line num="338" count="4" type="stmt"/>
      <line num="339" count="4" type="cond" truecount="1" falsecount="1"/>
      <line num="340" count="4" type="stmt"/>
      <line num="341" count="4" type="cond" truecount="1" falsecount="1"/>
      <line num="342" count="0" type="cond" truecount="0" falsecount="2"/>
      <line num="345" count="4" type="cond" truecount="1" falsecount="1"/>
      <line num="347" count="4" type="stmt"/>
      <line num="348" count="4" type="stmt"/>
      <line num="351" count="4" type="stmt"/>
      <line num="352" count="4" type="cond" truecount="3" falsecount="0"/>
      <line num="353" count="4" type="cond" truecount="2" falsecount="0"/>
      <line num="356" count="4" type="cond" truecount="1" falsecount="2"/>
      <line num="357" count="4" type="cond" truecount="2" falsecount="0"/>
      <line num="360" count="4" type="stmt"/>
      <line num="361" count="4" type="cond" truecount="1" falsecount="1"/>
      <line num="362" count="4" type="cond" truecount="1" falsecount="2"/>
      <line num="365" count="4" type="cond" truecount="3" falsecount="0"/>
      <line num="366" count="4" type="cond" truecount="2" falsecount="0"/>
      <line num="367" count="4" type="cond" truecount="2" falsecount="0"/>
      <line num="368" count="4" type="cond" truecount="3" falsecount="0"/>
      <line num="371" count="4" type="stmt"/>
      <line num="374" count="4" type="stmt"/>
      <line num="376" count="4" type="stmt"/>
      <line num="377" count="1" type="stmt"/>
      <line num="378" count="1" type="stmt"/>
      <line num="381" count="4" type="stmt"/>
      <line num="382" count="1" type="stmt"/>
      <line num="383" count="1" type="stmt"/>
      <line num="386" count="4" type="stmt"/>
      <line num="387" count="1" type="stmt"/>
      <line num="388" count="1" type="stmt"/>
      <line num="392" count="4" type="cond" truecount="2" falsecount="0"/>
      <line num="393" count="2" type="stmt"/>
      <line num="398" count="0" type="stmt"/>
      <line num="420" count="2" type="cond" truecount="2" falsecount="0"/>
      <line num="421" count="1" type="stmt"/>
      <line num="422" count="0" type="stmt"/>
      <line num="466" count="1" type="stmt"/>
      <line num="467" count="0" type="stmt"/>
      <line num="512" count="0" type="stmt"/>
      <line num="516" count="0" type="stmt"/>
      <line num="534" count="0" type="stmt"/>
      <line num="537" count="0" type="stmt"/>
      <line num="544" count="1" type="cond" truecount="1" falsecount="1"/>
      <line num="545" count="1" type="stmt"/>
      <line num="547" count="1" type="cond" truecount="1" falsecount="1"/>
      <line num="548" count="1" type="stmt"/>
      <line num="551" count="1" type="stmt"/>
    </file>
    <file name="TagFilterSidebar.jsx" path="/home/neo/beacon-search/frontend/src/components/TagFilterSidebar.jsx">
      <metrics statements="56" coveredstatements="41" conditionals="50" coveredconditionals="22" methods="19" coveredmethods="10"/>
      <line num="9" count="1" type="stmt"/>
      <line num="10" count="1" type="stmt"/>
      <line num="12" count="1" type="cond" truecount="1" falsecount="1"/>
      <line num="13" count="0" type="cond" truecount="0" falsecount="2"/>
      <line num="16" count="1" type="cond" truecount="1" falsecount="1"/>
      <line num="17" count="0" type="stmt"/>
      <line num="18" count="0" type="stmt"/>
      <line num="19" count="0" type="cond" truecount="0" falsecount="4"/>
      <line num="22" count="1" type="stmt"/>
      <line num="25" count="1" type="stmt"/>
      <line num="36" count="1" type="stmt"/>
      <line num="37" count="1" type="stmt"/>
      <line num="38" count="1" type="stmt"/>
      <line num="39" count="1" type="stmt"/>
      <line num="40" count="1" type="stmt"/>
      <line num="41" count="1" type="stmt"/>
      <line num="43" count="1" type="stmt"/>
      <line num="44" count="1" type="stmt"/>
      <line num="45" count="1" type="stmt"/>
      <line num="48" count="1" type="stmt"/>
      <line num="49" count="1" type="stmt"/>
      <line num="50" count="1" type="stmt"/>
      <line num="51" count="1" type="stmt"/>
      <line num="52" count="1" type="stmt"/>
      <line num="53" count="1" type="cond" truecount="1" falsecount="1"/>
      <line num="54" count="1" type="cond" truecount="1" falsecount="1"/>
      <line num="56" count="1" type="stmt"/>
      <line num="57" count="1" type="cond" truecount="1" falsecount="1"/>
      <line num="58" count="1" type="stmt"/>
      <line num="59" count="1" type="stmt"/>
      <line num="62" count="0" type="stmt"/>
      <line num="64" count="1" type="stmt"/>
      <line num="68" count="1" type="stmt"/>
      <line num="69" count="1" type="stmt"/>
      <line num="70" count="1" type="stmt"/>
      <line num="71" count="1" type="cond" truecount="1" falsecount="1"/>
      <line num="72" count="1" type="stmt"/>
      <line num="73" count="1" type="stmt"/>
      <line num="76" count="0" type="stmt"/>
      <line num="80" count="1" type="stmt"/>
      <line num="81" count="1" type="stmt"/>
      <line num="84" count="1" type="cond" truecount="1" falsecount="2"/>
      <line num="86" count="1" type="stmt"/>
      <line num="105" count="2" type="stmt"/>
      <line num="108" count="1" type="stmt"/>
      <line num="130" count="1" type="stmt"/>
      <line num="145" count="1" type="stmt"/>
      <line num="159" count="0" type="stmt"/>
      <line num="168" count="0" type="stmt"/>
      <line num="181" count="0" type="stmt"/>
      <line num="195" count="0" type="stmt"/>
      <line num="197" count="0" type="stmt"/>
      <line num="200" count="0" type="stmt"/>
      <line num="203" count="0" type="stmt"/>
      <line num="225" count="0" type="stmt"/>
      <line num="228" count="0" type="stmt"/>
    </file>
  </project>
</coverage>
