{"/home/neo/beacon-search/frontend/src/components/InfiniteScrollResults.jsx": {"path":"/home/neo/beacon-search/frontend/src/components/InfiniteScrollResults.jsx","statementMap":{"0":{"start":{"line":10,"column":22},"end":{"line":24,"column":1}},"1":{"start":{"line":11,"column":17},"end":{"line":11,"column":46}},"2":{"start":{"line":13,"column":2},"end":{"line":15,"column":3}},"3":{"start":{"line":14,"column":4},"end":{"line":14,"column":45}},"4":{"start":{"line":17,"column":2},"end":{"line":21,"column":3}},"5":{"start":{"line":18,"column":23},"end":{"line":18,"column":60}},"6":{"start":{"line":19,"column":26},"end":{"line":19,"column":81}},"7":{"start":{"line":20,"column":4},"end":{"line":20,"column":55}},"8":{"start":{"line":20,"column":41},"end":{"line":20,"column":55}},"9":{"start":{"line":23,"column":2},"end":{"line":23,"column":73}},"10":{"start":{"line":26,"column":16},"end":{"line":26,"column":31}},"11":{"start":{"line":34,"column":32},"end":{"line":34,"column":44}},"12":{"start":{"line":35,"column":32},"end":{"line":35,"column":47}},"13":{"start":{"line":36,"column":28},"end":{"line":36,"column":42}},"14":{"start":{"line":37,"column":32},"end":{"line":37,"column":46}},"15":{"start":{"line":38,"column":30},"end":{"line":38,"column":41}},"16":{"start":{"line":39,"column":28},"end":{"line":39,"column":39}},"17":{"start":{"line":40,"column":16},"end":{"line":40,"column":18}},"18":{"start":{"line":42,"column":25},"end":{"line":42,"column":37}},"19":{"start":{"line":43,"column":44},"end":{"line":43,"column":58}},"20":{"start":{"line":46,"column":2},"end":{"line":51,"column":29}},"21":{"start":{"line":47,"column":4},"end":{"line":47,"column":19}},"22":{"start":{"line":48,"column":4},"end":{"line":48,"column":17}},"23":{"start":{"line":49,"column":4},"end":{"line":49,"column":21}},"24":{"start":{"line":50,"column":4},"end":{"line":50,"column":19}},"25":{"start":{"line":54,"column":19},"end":{"line":98,"column":54}},"26":{"start":{"line":55,"column":4},"end":{"line":55,"column":36}},"27":{"start":{"line":55,"column":29},"end":{"line":55,"column":36}},"28":{"start":{"line":57,"column":4},"end":{"line":57,"column":21}},"29":{"start":{"line":58,"column":4},"end":{"line":58,"column":19}},"30":{"start":{"line":60,"column":4},"end":{"line":97,"column":5}},"31":{"start":{"line":61,"column":21},"end":{"line":61,"column":42}},"32":{"start":{"line":62,"column":6},"end":{"line":62,"column":43}},"33":{"start":{"line":62,"column":17},"end":{"line":62,"column":43}},"34":{"start":{"line":63,"column":6},"end":{"line":63,"column":34}},"35":{"start":{"line":64,"column":6},"end":{"line":64,"column":47}},"36":{"start":{"line":65,"column":6},"end":{"line":65,"column":49}},"37":{"start":{"line":68,"column":6},"end":{"line":70,"column":7}},"38":{"start":{"line":69,"column":8},"end":{"line":69,"column":54}},"39":{"start":{"line":71,"column":6},"end":{"line":73,"column":7}},"40":{"start":{"line":72,"column":8},"end":{"line":72,"column":67}},"41":{"start":{"line":74,"column":6},"end":{"line":76,"column":7}},"42":{"start":{"line":75,"column":8},"end":{"line":75,"column":42}},"43":{"start":{"line":78,"column":23},"end":{"line":78,"column":78}},"44":{"start":{"line":80,"column":6},"end":{"line":82,"column":7}},"45":{"start":{"line":81,"column":8},"end":{"line":81,"column":41}},"46":{"start":{"line":84,"column":19},"end":{"line":84,"column":40}},"47":{"start":{"line":86,"column":6},"end":{"line":86,"column":53}},"48":{"start":{"line":86,"column":25},"end":{"line":86,"column":51}},"49":{"start":{"line":87,"column":6},"end":{"line":87,"column":27}},"50":{"start":{"line":88,"column":6},"end":{"line":88,"column":31}},"51":{"start":{"line":89,"column":6},"end":{"line":89,"column":38}},"52":{"start":{"line":89,"column":24},"end":{"line":89,"column":36}},"53":{"start":{"line":92,"column":6},"end":{"line":92,"column":42}},"54":{"start":{"line":93,"column":6},"end":{"line":93,"column":41}},"55":{"start":{"line":94,"column":6},"end":{"line":94,"column":24}},"56":{"start":{"line":96,"column":6},"end":{"line":96,"column":24}},"57":{"start":{"line":101,"column":2},"end":{"line":105,"column":63}},"58":{"start":{"line":102,"column":4},"end":{"line":104,"column":5}},"59":{"start":{"line":103,"column":6},"end":{"line":103,"column":17}},"60":{"start":{"line":108,"column":2},"end":{"line":128,"column":35}},"61":{"start":{"line":109,"column":21},"end":{"line":116,"column":5}},"62":{"start":{"line":111,"column":8},"end":{"line":113,"column":9}},"63":{"start":{"line":112,"column":10},"end":{"line":112,"column":21}},"64":{"start":{"line":118,"column":26},"end":{"line":118,"column":48}},"65":{"start":{"line":119,"column":4},"end":{"line":121,"column":5}},"66":{"start":{"line":120,"column":6},"end":{"line":120,"column":38}},"67":{"start":{"line":123,"column":4},"end":{"line":127,"column":6}},"68":{"start":{"line":124,"column":6},"end":{"line":126,"column":7}},"69":{"start":{"line":125,"column":8},"end":{"line":125,"column":42}},"70":{"start":{"line":130,"column":27},"end":{"line":132,"column":3}},"71":{"start":{"line":131,"column":4},"end":{"line":131,"column":63}},"72":{"start":{"line":134,"column":27},"end":{"line":136,"column":3}},"73":{"start":{"line":135,"column":4},"end":{"line":135,"column":27}},"74":{"start":{"line":138,"column":2},"end":{"line":148,"column":3}},"75":{"start":{"line":139,"column":4},"end":{"line":147,"column":6}},"76":{"start":{"line":150,"column":2},"end":{"line":230,"column":4}},"77":{"start":{"line":179,"column":10},"end":{"line":184,"column":12}},"78":{"start":{"line":235,"column":20},"end":{"line":245,"column":6}},"79":{"start":{"line":236,"column":4},"end":{"line":236,"column":67}},"80":{"start":{"line":236,"column":42},"end":{"line":236,"column":67}},"81":{"start":{"line":237,"column":4},"end":{"line":243,"column":5}},"82":{"start":{"line":238,"column":6},"end":{"line":242,"column":7}},"83":{"start":{"line":239,"column":8},"end":{"line":239,"column":45}},"84":{"start":{"line":241,"column":8},"end":{"line":241,"column":18}},"85":{"start":{"line":244,"column":4},"end":{"line":244,"column":14}},"86":{"start":{"line":246,"column":19},"end":{"line":246,"column":39}},"87":{"start":{"line":249,"column":26},"end":{"line":254,"column":3}},"88":{"start":{"line":250,"column":4},"end":{"line":250,"column":41}},"89":{"start":{"line":250,"column":22},"end":{"line":250,"column":41}},"90":{"start":{"line":251,"column":4},"end":{"line":251,"column":36}},"91":{"start":{"line":251,"column":22},"end":{"line":251,"column":36}},"92":{"start":{"line":252,"column":4},"end":{"line":252,"column":36}},"93":{"start":{"line":252,"column":22},"end":{"line":252,"column":36}},"94":{"start":{"line":253,"column":4},"end":{"line":253,"column":17}},"95":{"start":{"line":256,"column":23},"end":{"line":256,"column":67}},"96":{"start":{"line":258,"column":2},"end":{"line":345,"column":4}},"97":{"start":{"line":261,"column":21},"end":{"line":261,"column":47}},"98":{"start":{"line":277,"column":12},"end":{"line":277,"column":32}},"99":{"start":{"line":278,"column":12},"end":{"line":278,"column":39}},"100":{"start":{"line":286,"column":14},"end":{"line":286,"column":46}},"101":{"start":{"line":310,"column":14},"end":{"line":312,"column":21}},"102":{"start":{"line":328,"column":30},"end":{"line":328,"column":49}},"103":{"start":{"line":331,"column":16},"end":{"line":332,"column":44}},"104":{"start":{"line":331,"column":22},"end":{"line":331,"column":58}},"105":{"start":{"line":332,"column":24},"end":{"line":332,"column":42}}},"fnMap":{"0":{"name":"(anonymous_0)","decl":{"start":{"line":10,"column":22},"end":{"line":10,"column":23}},"loc":{"start":{"line":10,"column":28},"end":{"line":24,"column":1}},"line":10},"1":{"name":"InfiniteScrollResults","decl":{"start":{"line":28,"column":9},"end":{"line":28,"column":30}},"loc":{"start":{"line":33,"column":3},"end":{"line":231,"column":1}},"line":33},"2":{"name":"(anonymous_2)","decl":{"start":{"line":46,"column":12},"end":{"line":46,"column":13}},"loc":{"start":{"line":46,"column":18},"end":{"line":51,"column":3}},"line":46},"3":{"name":"(anonymous_3)","decl":{"start":{"line":54,"column":31},"end":{"line":54,"column":32}},"loc":{"start":{"line":54,"column":43},"end":{"line":98,"column":3}},"line":54},"4":{"name":"(anonymous_4)","decl":{"start":{"line":86,"column":17},"end":{"line":86,"column":18}},"loc":{"start":{"line":86,"column":25},"end":{"line":86,"column":51}},"line":86},"5":{"name":"(anonymous_5)","decl":{"start":{"line":89,"column":16},"end":{"line":89,"column":17}},"loc":{"start":{"line":89,"column":24},"end":{"line":89,"column":36}},"line":89},"6":{"name":"(anonymous_6)","decl":{"start":{"line":101,"column":12},"end":{"line":101,"column":13}},"loc":{"start":{"line":101,"column":18},"end":{"line":105,"column":3}},"line":101},"7":{"name":"(anonymous_7)","decl":{"start":{"line":108,"column":12},"end":{"line":108,"column":13}},"loc":{"start":{"line":108,"column":18},"end":{"line":128,"column":3}},"line":108},"8":{"name":"(anonymous_8)","decl":{"start":{"line":110,"column":6},"end":{"line":110,"column":7}},"loc":{"start":{"line":110,"column":17},"end":{"line":114,"column":7}},"line":110},"9":{"name":"(anonymous_9)","decl":{"start":{"line":123,"column":11},"end":{"line":123,"column":12}},"loc":{"start":{"line":123,"column":17},"end":{"line":127,"column":5}},"line":123},"10":{"name":"(anonymous_10)","decl":{"start":{"line":130,"column":27},"end":{"line":130,"column":28}},"loc":{"start":{"line":130,"column":53},"end":{"line":132,"column":3}},"line":130},"11":{"name":"(anonymous_11)","decl":{"start":{"line":134,"column":27},"end":{"line":134,"column":28}},"loc":{"start":{"line":134,"column":33},"end":{"line":136,"column":3}},"line":134},"12":{"name":"(anonymous_12)","decl":{"start":{"line":178,"column":21},"end":{"line":178,"column":22}},"loc":{"start":{"line":179,"column":10},"end":{"line":184,"column":12}},"line":179},"13":{"name":"ResultCard","decl":{"start":{"line":234,"column":9},"end":{"line":234,"column":19}},"loc":{"start":{"line":234,"column":55},"end":{"line":346,"column":1}},"line":234},"14":{"name":"(anonymous_14)","decl":{"start":{"line":235,"column":21},"end":{"line":235,"column":22}},"loc":{"start":{"line":235,"column":27},"end":{"line":245,"column":3}},"line":235},"15":{"name":"(anonymous_15)","decl":{"start":{"line":249,"column":26},"end":{"line":249,"column":27}},"loc":{"start":{"line":249,"column":37},"end":{"line":254,"column":3}},"line":249},"16":{"name":"(anonymous_16)","decl":{"start":{"line":261,"column":15},"end":{"line":261,"column":16}},"loc":{"start":{"line":261,"column":21},"end":{"line":261,"column":47}},"line":261},"17":{"name":"(anonymous_17)","decl":{"start":{"line":276,"column":19},"end":{"line":276,"column":20}},"loc":{"start":{"line":276,"column":26},"end":{"line":279,"column":11}},"line":276},"18":{"name":"(anonymous_18)","decl":{"start":{"line":285,"column":21},"end":{"line":285,"column":22}},"loc":{"start":{"line":285,"column":28},"end":{"line":287,"column":13}},"line":285},"19":{"name":"(anonymous_19)","decl":{"start":{"line":309,"column":41},"end":{"line":309,"column":42}},"loc":{"start":{"line":310,"column":14},"end":{"line":312,"column":21}},"line":310},"20":{"name":"(anonymous_20)","decl":{"start":{"line":328,"column":23},"end":{"line":328,"column":24}},"loc":{"start":{"line":328,"column":30},"end":{"line":328,"column":49}},"line":328},"21":{"name":"(anonymous_21)","decl":{"start":{"line":330,"column":19},"end":{"line":330,"column":20}},"loc":{"start":{"line":330,"column":25},"end":{"line":333,"column":15}},"line":330}},"branchMap":{"0":{"loc":{"start":{"line":13,"column":2},"end":{"line":15,"column":3}},"type":"if","locations":[{"start":{"line":13,"column":2},"end":{"line":15,"column":3}},{"start":{},"end":{}}],"line":13},"1":{"loc":{"start":{"line":14,"column":11},"end":{"line":14,"column":44}},"type":"binary-expr","locations":[{"start":{"line":14,"column":11},"end":{"line":14,"column":17}},{"start":{"line":14,"column":21},"end":{"line":14,"column":44}}],"line":14},"2":{"loc":{"start":{"line":17,"column":2},"end":{"line":21,"column":3}},"type":"if","locations":[{"start":{"line":17,"column":2},"end":{"line":21,"column":3}},{"start":{},"end":{}}],"line":17},"3":{"loc":{"start":{"line":20,"column":4},"end":{"line":20,"column":55}},"type":"if","locations":[{"start":{"line":20,"column":4},"end":{"line":20,"column":55}},{"start":{},"end":{}}],"line":20},"4":{"loc":{"start":{"line":20,"column":10},"end":{"line":20,"column":38}},"type":"binary-expr","locations":[{"start":{"line":20,"column":10},"end":{"line":20,"column":20}},{"start":{"line":20,"column":24},"end":{"line":20,"column":38}}],"line":20},"5":{"loc":{"start":{"line":55,"column":4},"end":{"line":55,"column":36}},"type":"if","locations":[{"start":{"line":55,"column":4},"end":{"line":55,"column":36}},{"start":{},"end":{}}],"line":55},"6":{"loc":{"start":{"line":55,"column":8},"end":{"line":55,"column":27}},"type":"binary-expr","locations":[{"start":{"line":55,"column":8},"end":{"line":55,"column":15}},{"start":{"line":55,"column":19},"end":{"line":55,"column":27}}],"line":55},"7":{"loc":{"start":{"line":62,"column":6},"end":{"line":62,"column":43}},"type":"if","locations":[{"start":{"line":62,"column":6},"end":{"line":62,"column":43}},{"start":{},"end":{}}],"line":62},"8":{"loc":{"start":{"line":68,"column":6},"end":{"line":70,"column":7}},"type":"if","locations":[{"start":{"line":68,"column":6},"end":{"line":70,"column":7}},{"start":{},"end":{}}],"line":68},"9":{"loc":{"start":{"line":71,"column":6},"end":{"line":73,"column":7}},"type":"if","locations":[{"start":{"line":71,"column":6},"end":{"line":73,"column":7}},{"start":{},"end":{}}],"line":71},"10":{"loc":{"start":{"line":74,"column":6},"end":{"line":76,"column":7}},"type":"if","locations":[{"start":{"line":74,"column":6},"end":{"line":76,"column":7}},{"start":{},"end":{}}],"line":74},"11":{"loc":{"start":{"line":80,"column":6},"end":{"line":82,"column":7}},"type":"if","locations":[{"start":{"line":80,"column":6},"end":{"line":82,"column":7}},{"start":{},"end":{}}],"line":80},"12":{"loc":{"start":{"line":102,"column":4},"end":{"line":104,"column":5}},"type":"if","locations":[{"start":{"line":102,"column":4},"end":{"line":104,"column":5}},{"start":{},"end":{}}],"line":102},"13":{"loc":{"start":{"line":102,"column":8},"end":{"line":102,"column":44}},"type":"binary-expr","locations":[{"start":{"line":102,"column":8},"end":{"line":102,"column":28}},{"start":{"line":102,"column":32},"end":{"line":102,"column":44}}],"line":102},"14":{"loc":{"start":{"line":111,"column":8},"end":{"line":113,"column":9}},"type":"if","locations":[{"start":{"line":111,"column":8},"end":{"line":113,"column":9}},{"start":{},"end":{}}],"line":111},"15":{"loc":{"start":{"line":111,"column":12},"end":{"line":111,"column":60}},"type":"binary-expr","locations":[{"start":{"line":111,"column":12},"end":{"line":111,"column":37}},{"start":{"line":111,"column":41},"end":{"line":111,"column":48}},{"start":{"line":111,"column":52},"end":{"line":111,"column":60}}],"line":111},"16":{"loc":{"start":{"line":119,"column":4},"end":{"line":121,"column":5}},"type":"if","locations":[{"start":{"line":119,"column":4},"end":{"line":121,"column":5}},{"start":{},"end":{}}],"line":119},"17":{"loc":{"start":{"line":124,"column":6},"end":{"line":126,"column":7}},"type":"if","locations":[{"start":{"line":124,"column":6},"end":{"line":126,"column":7}},{"start":{},"end":{}}],"line":124},"18":{"loc":{"start":{"line":130,"column":39},"end":{"line":130,"column":48}},"type":"default-arg","locations":[{"start":{"line":130,"column":47},"end":{"line":130,"column":48}}],"line":130},"19":{"loc":{"start":{"line":138,"column":2},"end":{"line":148,"column":3}},"type":"if","locations":[{"start":{"line":138,"column":2},"end":{"line":148,"column":3}},{"start":{},"end":{}}],"line":138},"20":{"loc":{"start":{"line":138,"column":6},"end":{"line":138,"column":35}},"type":"binary-expr","locations":[{"start":{"line":138,"column":6},"end":{"line":138,"column":11}},{"start":{"line":138,"column":15},"end":{"line":138,"column":35}}],"line":138},"21":{"loc":{"start":{"line":153,"column":7},"end":{"line":174,"column":7}},"type":"binary-expr","locations":[{"start":{"line":153,"column":7},"end":{"line":153,"column":16}},{"start":{"line":154,"column":8},"end":{"line":173,"column":14}}],"line":153},"22":{"loc":{"start":{"line":158,"column":11},"end":{"line":162,"column":11}},"type":"binary-expr","locations":[{"start":{"line":158,"column":11},"end":{"line":158,"column":35}},{"start":{"line":159,"column":12},"end":{"line":161,"column":19}}],"line":158},"23":{"loc":{"start":{"line":160,"column":56},"end":{"line":160,"column":92}},"type":"cond-expr","locations":[{"start":{"line":160,"column":84},"end":{"line":160,"column":87}},{"start":{"line":160,"column":90},"end":{"line":160,"column":92}}],"line":160},"24":{"loc":{"start":{"line":163,"column":11},"end":{"line":167,"column":11}},"type":"binary-expr","locations":[{"start":{"line":163,"column":11},"end":{"line":163,"column":35}},{"start":{"line":164,"column":12},"end":{"line":166,"column":19}}],"line":163},"25":{"loc":{"start":{"line":168,"column":11},"end":{"line":172,"column":11}},"type":"binary-expr","locations":[{"start":{"line":168,"column":11},"end":{"line":168,"column":27}},{"start":{"line":169,"column":12},"end":{"line":171,"column":19}}],"line":168},"26":{"loc":{"start":{"line":189,"column":7},"end":{"line":194,"column":7}},"type":"binary-expr","locations":[{"start":{"line":189,"column":7},"end":{"line":189,"column":14}},{"start":{"line":190,"column":8},"end":{"line":193,"column":14}}],"line":189},"27":{"loc":{"start":{"line":197,"column":7},"end":{"line":203,"column":7}},"type":"binary-expr","locations":[{"start":{"line":197,"column":7},"end":{"line":197,"column":14}},{"start":{"line":197,"column":18},"end":{"line":197,"column":26}},{"start":{"line":198,"column":8},"end":{"line":202,"column":14}}],"line":197},"28":{"loc":{"start":{"line":206,"column":7},"end":{"line":210,"column":7}},"type":"binary-expr","locations":[{"start":{"line":206,"column":7},"end":{"line":206,"column":15}},{"start":{"line":206,"column":19},"end":{"line":206,"column":37}},{"start":{"line":207,"column":8},"end":{"line":209,"column":14}}],"line":206},"29":{"loc":{"start":{"line":213,"column":7},"end":{"line":219,"column":7}},"type":"binary-expr","locations":[{"start":{"line":213,"column":7},"end":{"line":213,"column":15}},{"start":{"line":213,"column":19},"end":{"line":213,"column":39}},{"start":{"line":214,"column":8},"end":{"line":218,"column":14}}],"line":213},"30":{"loc":{"start":{"line":222,"column":7},"end":{"line":228,"column":7}},"type":"binary-expr","locations":[{"start":{"line":222,"column":7},"end":{"line":222,"column":20}},{"start":{"line":223,"column":8},"end":{"line":227,"column":10}}],"line":222},"31":{"loc":{"start":{"line":236,"column":4},"end":{"line":236,"column":67}},"type":"if","locations":[{"start":{"line":236,"column":4},"end":{"line":236,"column":67}},{"start":{},"end":{}}],"line":236},"32":{"loc":{"start":{"line":237,"column":4},"end":{"line":243,"column":5}},"type":"if","locations":[{"start":{"line":237,"column":4},"end":{"line":243,"column":5}},{"start":{},"end":{}}],"line":237},"33":{"loc":{"start":{"line":237,"column":8},"end":{"line":237,"column":84}},"type":"binary-expr","locations":[{"start":{"line":237,"column":8},"end":{"line":237,"column":45}},{"start":{"line":237,"column":49},"end":{"line":237,"column":84}}],"line":237},"34":{"loc":{"start":{"line":250,"column":4},"end":{"line":250,"column":41}},"type":"if","locations":[{"start":{"line":250,"column":4},"end":{"line":250,"column":41}},{"start":{},"end":{}}],"line":250},"35":{"loc":{"start":{"line":251,"column":4},"end":{"line":251,"column":36}},"type":"if","locations":[{"start":{"line":251,"column":4},"end":{"line":251,"column":36}},{"start":{},"end":{}}],"line":251},"36":{"loc":{"start":{"line":252,"column":4},"end":{"line":252,"column":36}},"type":"if","locations":[{"start":{"line":252,"column":4},"end":{"line":252,"column":36}},{"start":{},"end":{}}],"line":252},"37":{"loc":{"start":{"line":256,"column":39},"end":{"line":256,"column":66}},"type":"binary-expr","locations":[{"start":{"line":256,"column":39},"end":{"line":256,"column":59}},{"start":{"line":256,"column":63},"end":{"line":256,"column":66}}],"line":256},"38":{"loc":{"start":{"line":260,"column":32},"end":{"line":260,"column":59}},"type":"cond-expr","locations":[{"start":{"line":260,"column":43},"end":{"line":260,"column":54}},{"start":{"line":260,"column":57},"end":{"line":260,"column":59}}],"line":260},"39":{"loc":{"start":{"line":261,"column":21},"end":{"line":261,"column":47}},"type":"binary-expr","locations":[{"start":{"line":261,"column":21},"end":{"line":261,"column":28}},{"start":{"line":261,"column":32},"end":{"line":261,"column":47}}],"line":261},"40":{"loc":{"start":{"line":266,"column":11},"end":{"line":268,"column":49}},"type":"cond-expr","locations":[{"start":{"line":266,"column":41},"end":{"line":266,"column":46}},{"start":{"line":267,"column":11},"end":{"line":268,"column":49}}],"line":266},"41":{"loc":{"start":{"line":267,"column":11},"end":{"line":268,"column":49}},"type":"cond-expr","locations":[{"start":{"line":267,"column":41},"end":{"line":267,"column":45}},{"start":{"line":268,"column":11},"end":{"line":268,"column":49}}],"line":267},"42":{"loc":{"start":{"line":268,"column":11},"end":{"line":268,"column":49}},"type":"cond-expr","locations":[{"start":{"line":268,"column":41},"end":{"line":268,"column":44}},{"start":{"line":268,"column":47},"end":{"line":268,"column":49}}],"line":268},"43":{"loc":{"start":{"line":273,"column":7},"end":{"line":295,"column":7}},"type":"binary-expr","locations":[{"start":{"line":273,"column":7},"end":{"line":273,"column":15}},{"start":{"line":274,"column":8},"end":{"line":294,"column":14}}],"line":273},"44":{"loc":{"start":{"line":289,"column":11},"end":{"line":293,"column":11}},"type":"binary-expr","locations":[{"start":{"line":289,"column":11},"end":{"line":289,"column":31}},{"start":{"line":290,"column":12},"end":{"line":292,"column":18}}],"line":289},"45":{"loc":{"start":{"line":302,"column":12},"end":{"line":302,"column":32}},"type":"binary-expr","locations":[{"start":{"line":302,"column":12},"end":{"line":302,"column":26}},{"start":{"line":302,"column":30},"end":{"line":302,"column":32}}],"line":302},"46":{"loc":{"start":{"line":303,"column":11},"end":{"line":303,"column":55}},"type":"binary-expr","locations":[{"start":{"line":303,"column":11},"end":{"line":303,"column":46}},{"start":{"line":303,"column":50},"end":{"line":303,"column":55}}],"line":303},"47":{"loc":{"start":{"line":303,"column":12},"end":{"line":303,"column":32}},"type":"binary-expr","locations":[{"start":{"line":303,"column":12},"end":{"line":303,"column":26}},{"start":{"line":303,"column":30},"end":{"line":303,"column":32}}],"line":303},"48":{"loc":{"start":{"line":307,"column":9},"end":{"line":318,"column":9}},"type":"binary-expr","locations":[{"start":{"line":307,"column":9},"end":{"line":307,"column":20}},{"start":{"line":307,"column":24},"end":{"line":307,"column":46}},{"start":{"line":308,"column":10},"end":{"line":317,"column":16}}],"line":307},"49":{"loc":{"start":{"line":314,"column":13},"end":{"line":316,"column":13}},"type":"binary-expr","locations":[{"start":{"line":314,"column":13},"end":{"line":314,"column":35}},{"start":{"line":315,"column":14},"end":{"line":315,"column":78}}],"line":314},"50":{"loc":{"start":{"line":322,"column":11},"end":{"line":335,"column":11}},"type":"binary-expr","locations":[{"start":{"line":322,"column":11},"end":{"line":322,"column":21}},{"start":{"line":323,"column":12},"end":{"line":334,"column":16}}],"line":322},"51":{"loc":{"start":{"line":337,"column":11},"end":{"line":341,"column":11}},"type":"binary-expr","locations":[{"start":{"line":337,"column":11},"end":{"line":337,"column":37}},{"start":{"line":338,"column":12},"end":{"line":340,"column":19}}],"line":337}},"s":{"0":1,"1":1,"2":1,"3":0,"4":1,"5":0,"6":0,"7":0,"8":0,"9":1,"10":1,"11":6,"12":6,"13":6,"14":6,"15":6,"16":6,"17":6,"18":6,"19":6,"20":6,"21":2,"22":2,"23":2,"24":2,"25":6,"26":5,"27":3,"28":2,"29":2,"30":2,"31":2,"32":2,"33":2,"34":2,"35":2,"36":2,"37":2,"38":1,"39":2,"40":2,"41":2,"42":0,"43":2,"44":1,"45":0,"46":1,"47":1,"48":1,"49":1,"50":1,"51":1,"52":1,"53":1,"54":1,"55":1,"56":2,"57":6,"58":6,"59":5,"60":6,"61":6,"62":0,"63":0,"64":6,"65":6,"66":2,"67":6,"68":6,"69":2,"70":6,"71":0,"72":6,"73":0,"74":6,"75":1,"76":5,"77":1,"78":1,"79":1,"80":1,"81":0,"82":0,"83":0,"84":0,"85":0,"86":1,"87":1,"88":1,"89":0,"90":1,"91":1,"92":0,"93":0,"94":0,"95":1,"96":1,"97":1,"98":0,"99":0,"100":0,"101":1,"102":0,"103":1,"104":1,"105":0},"f":{"0":1,"1":6,"2":2,"3":5,"4":1,"5":1,"6":6,"7":6,"8":0,"9":6,"10":0,"11":0,"12":1,"13":1,"14":1,"15":1,"16":1,"17":0,"18":0,"19":1,"20":0,"21":1},"b":{"0":[0,1],"1":[0,0],"2":[0,1],"3":[0,0],"4":[0,0],"5":[3,2],"6":[5,3],"7":[2,0],"8":[1,1],"9":[2,0],"10":[0,2],"11":[0,1],"12":[5,1],"13":[6,5],"14":[0,0],"15":[0,0,0],"16":[2,4],"17":[2,4],"18":[0],"19":[1,5],"20":[6,1],"21":[5,1],"22":[1,1],"23":[0,1],"24":[1,1],"25":[1,0],"26":[5,2],"27":[5,4,2],"28":[5,1,1],"29":[5,3,2],"30":[5,0],"31":[1,0],"32":[0,0],"33":[0,0],"34":[0,1],"35":[1,0],"36":[0,0],"37":[1,0],"38":[0,1],"39":[1,1],"40":[0,1],"41":[1,0],"42":[0,0],"43":[1,0],"44":[0,0],"45":[1,0],"46":[1,0],"47":[1,0],"48":[1,1,1],"49":[1,0],"50":[1,1],"51":[1,1]},"_coverageSchema":"1a1c01bbd47fc00a2c39e90264f33305004495a9","hash":"8d2d65339c8f4bb12fb06508b600cf557cdce57a"}
,"/home/neo/beacon-search/frontend/src/components/MediaViewer.jsx": {"path":"/home/neo/beacon-search/frontend/src/components/MediaViewer.jsx","statementMap":{"0":{"start":{"line":10,"column":28},"end":{"line":10,"column":50}},"1":{"start":{"line":11,"column":32},"end":{"line":11,"column":46}},"2":{"start":{"line":12,"column":28},"end":{"line":12,"column":43}},"3":{"start":{"line":14,"column":23},"end":{"line":14,"column":39}},"4":{"start":{"line":15,"column":18},"end":{"line":15,"column":59}},"5":{"start":{"line":17,"column":2},"end":{"line":20,"column":14}},"6":{"start":{"line":18,"column":4},"end":{"line":18,"column":21}},"7":{"start":{"line":19,"column":4},"end":{"line":19,"column":20}},"8":{"start":{"line":22,"column":2},"end":{"line":35,"column":34}},"9":{"start":{"line":23,"column":27},"end":{"line":31,"column":5}},"10":{"start":{"line":24,"column":6},"end":{"line":24,"column":40}},"11":{"start":{"line":24,"column":30},"end":{"line":24,"column":40}},"12":{"start":{"line":25,"column":6},"end":{"line":27,"column":7}},"13":{"start":{"line":26,"column":8},"end":{"line":26,"column":73}},"14":{"start":{"line":26,"column":28},"end":{"line":26,"column":70}},"15":{"start":{"line":28,"column":6},"end":{"line":30,"column":7}},"16":{"start":{"line":29,"column":8},"end":{"line":29,"column":73}},"17":{"start":{"line":29,"column":28},"end":{"line":29,"column":70}},"18":{"start":{"line":33,"column":4},"end":{"line":33,"column":55}},"19":{"start":{"line":34,"column":4},"end":{"line":34,"column":71}},"20":{"start":{"line":34,"column":17},"end":{"line":34,"column":70}},"21":{"start":{"line":37,"column":23},"end":{"line":39,"column":3}},"22":{"start":{"line":38,"column":4},"end":{"line":38,"column":69}},"23":{"start":{"line":38,"column":24},"end":{"line":38,"column":66}},"24":{"start":{"line":41,"column":19},"end":{"line":43,"column":3}},"25":{"start":{"line":42,"column":4},"end":{"line":42,"column":69}},"26":{"start":{"line":42,"column":24},"end":{"line":42,"column":66}},"27":{"start":{"line":45,"column":26},"end":{"line":47,"column":3}},"28":{"start":{"line":46,"column":4},"end":{"line":46,"column":22}},"29":{"start":{"line":49,"column":27},"end":{"line":52,"column":3}},"30":{"start":{"line":50,"column":4},"end":{"line":50,"column":22}},"31":{"start":{"line":51,"column":4},"end":{"line":51,"column":19}},"32":{"start":{"line":54,"column":30},"end":{"line":58,"column":3}},"33":{"start":{"line":55,"column":4},"end":{"line":57,"column":5}},"34":{"start":{"line":56,"column":6},"end":{"line":56,"column":16}},"35":{"start":{"line":60,"column":2},"end":{"line":170,"column":4}},"36":{"start":{"line":152,"column":14},"end":{"line":164,"column":20}},"37":{"start":{"line":155,"column":31},"end":{"line":155,"column":42}},"38":{"start":{"line":161,"column":20},"end":{"line":161,"column":269}}},"fnMap":{"0":{"name":"MediaViewer","decl":{"start":{"line":9,"column":9},"end":{"line":9,"column":20}},"loc":{"start":{"line":9,"column":63},"end":{"line":171,"column":1}},"line":9},"1":{"name":"(anonymous_1)","decl":{"start":{"line":17,"column":12},"end":{"line":17,"column":13}},"loc":{"start":{"line":17,"column":18},"end":{"line":20,"column":3}},"line":17},"2":{"name":"(anonymous_2)","decl":{"start":{"line":22,"column":12},"end":{"line":22,"column":13}},"loc":{"start":{"line":22,"column":18},"end":{"line":35,"column":3}},"line":22},"3":{"name":"(anonymous_3)","decl":{"start":{"line":23,"column":27},"end":{"line":23,"column":28}},"loc":{"start":{"line":23,"column":34},"end":{"line":31,"column":5}},"line":23},"4":{"name":"(anonymous_4)","decl":{"start":{"line":26,"column":17},"end":{"line":26,"column":18}},"loc":{"start":{"line":26,"column":28},"end":{"line":26,"column":70}},"line":26},"5":{"name":"(anonymous_5)","decl":{"start":{"line":29,"column":17},"end":{"line":29,"column":18}},"loc":{"start":{"line":29,"column":28},"end":{"line":29,"column":70}},"line":29},"6":{"name":"(anonymous_6)","decl":{"start":{"line":34,"column":11},"end":{"line":34,"column":12}},"loc":{"start":{"line":34,"column":17},"end":{"line":34,"column":70}},"line":34},"7":{"name":"(anonymous_7)","decl":{"start":{"line":37,"column":23},"end":{"line":37,"column":24}},"loc":{"start":{"line":37,"column":29},"end":{"line":39,"column":3}},"line":37},"8":{"name":"(anonymous_8)","decl":{"start":{"line":38,"column":13},"end":{"line":38,"column":14}},"loc":{"start":{"line":38,"column":24},"end":{"line":38,"column":66}},"line":38},"9":{"name":"(anonymous_9)","decl":{"start":{"line":41,"column":19},"end":{"line":41,"column":20}},"loc":{"start":{"line":41,"column":25},"end":{"line":43,"column":3}},"line":41},"10":{"name":"(anonymous_10)","decl":{"start":{"line":42,"column":13},"end":{"line":42,"column":14}},"loc":{"start":{"line":42,"column":24},"end":{"line":42,"column":66}},"line":42},"11":{"name":"(anonymous_11)","decl":{"start":{"line":45,"column":26},"end":{"line":45,"column":27}},"loc":{"start":{"line":45,"column":32},"end":{"line":47,"column":3}},"line":45},"12":{"name":"(anonymous_12)","decl":{"start":{"line":49,"column":27},"end":{"line":49,"column":28}},"loc":{"start":{"line":49,"column":33},"end":{"line":52,"column":3}},"line":49},"13":{"name":"(anonymous_13)","decl":{"start":{"line":54,"column":30},"end":{"line":54,"column":31}},"loc":{"start":{"line":54,"column":37},"end":{"line":58,"column":3}},"line":54},"14":{"name":"(anonymous_14)","decl":{"start":{"line":151,"column":27},"end":{"line":151,"column":28}},"loc":{"start":{"line":152,"column":14},"end":{"line":164,"column":20}},"line":152},"15":{"name":"(anonymous_15)","decl":{"start":{"line":155,"column":25},"end":{"line":155,"column":26}},"loc":{"start":{"line":155,"column":31},"end":{"line":155,"column":42}},"line":155},"16":{"name":"(anonymous_16)","decl":{"start":{"line":160,"column":27},"end":{"line":160,"column":28}},"loc":{"start":{"line":160,"column":34},"end":{"line":162,"column":19}},"line":160}},"branchMap":{"0":{"loc":{"start":{"line":9,"column":34},"end":{"line":9,"column":50}},"type":"default-arg","locations":[{"start":{"line":9,"column":49},"end":{"line":9,"column":50}}],"line":9},"1":{"loc":{"start":{"line":24,"column":6},"end":{"line":24,"column":40}},"type":"if","locations":[{"start":{"line":24,"column":6},"end":{"line":24,"column":40}},{"start":{},"end":{}}],"line":24},"2":{"loc":{"start":{"line":25,"column":6},"end":{"line":27,"column":7}},"type":"if","locations":[{"start":{"line":25,"column":6},"end":{"line":27,"column":7}},{"start":{},"end":{}}],"line":25},"3":{"loc":{"start":{"line":26,"column":28},"end":{"line":26,"column":70}},"type":"cond-expr","locations":[{"start":{"line":26,"column":39},"end":{"line":26,"column":47}},{"start":{"line":26,"column":50},"end":{"line":26,"column":70}}],"line":26},"4":{"loc":{"start":{"line":28,"column":6},"end":{"line":30,"column":7}},"type":"if","locations":[{"start":{"line":28,"column":6},"end":{"line":30,"column":7}},{"start":{},"end":{}}],"line":28},"5":{"loc":{"start":{"line":29,"column":28},"end":{"line":29,"column":70}},"type":"cond-expr","locations":[{"start":{"line":29,"column":58},"end":{"line":29,"column":66}},{"start":{"line":29,"column":69},"end":{"line":29,"column":70}}],"line":29},"6":{"loc":{"start":{"line":38,"column":24},"end":{"line":38,"column":66}},"type":"cond-expr","locations":[{"start":{"line":38,"column":35},"end":{"line":38,"column":43}},{"start":{"line":38,"column":46},"end":{"line":38,"column":66}}],"line":38},"7":{"loc":{"start":{"line":42,"column":24},"end":{"line":42,"column":66}},"type":"cond-expr","locations":[{"start":{"line":42,"column":54},"end":{"line":42,"column":62}},{"start":{"line":42,"column":65},"end":{"line":42,"column":66}}],"line":42},"8":{"loc":{"start":{"line":55,"column":4},"end":{"line":57,"column":5}},"type":"if","locations":[{"start":{"line":55,"column":4},"end":{"line":57,"column":5}},{"start":{},"end":{}}],"line":55},"9":{"loc":{"start":{"line":69,"column":9},"end":{"line":86,"column":9}},"type":"binary-expr","locations":[{"start":{"line":69,"column":9},"end":{"line":69,"column":29}},{"start":{"line":70,"column":10},"end":{"line":85,"column":13}}],"line":69},"10":{"loc":{"start":{"line":90,"column":11},"end":{"line":95,"column":11}},"type":"binary-expr","locations":[{"start":{"line":90,"column":11},"end":{"line":90,"column":18}},{"start":{"line":90,"column":22},"end":{"line":90,"column":28}},{"start":{"line":91,"column":12},"end":{"line":94,"column":18}}],"line":90},"11":{"loc":{"start":{"line":97,"column":11},"end":{"line":105,"column":11}},"type":"binary-expr","locations":[{"start":{"line":97,"column":11},"end":{"line":97,"column":16}},{"start":{"line":98,"column":12},"end":{"line":104,"column":18}}],"line":97},"12":{"loc":{"start":{"line":107,"column":11},"end":{"line":129,"column":11}},"type":"binary-expr","locations":[{"start":{"line":107,"column":11},"end":{"line":107,"column":17}},{"start":{"line":108,"column":12},"end":{"line":128,"column":15}}],"line":107},"13":{"loc":{"start":{"line":109,"column":15},"end":{"line":127,"column":15}},"type":"cond-expr","locations":[{"start":{"line":110,"column":16},"end":{"line":117,"column":18}},{"start":{"line":119,"column":16},"end":{"line":126,"column":18}}],"line":109},"14":{"loc":{"start":{"line":123,"column":36},"end":{"line":123,"column":62}},"type":"cond-expr","locations":[{"start":{"line":123,"column":46},"end":{"line":123,"column":52}},{"start":{"line":123,"column":55},"end":{"line":123,"column":62}}],"line":123},"15":{"loc":{"start":{"line":149,"column":9},"end":{"line":167,"column":9}},"type":"binary-expr","locations":[{"start":{"line":149,"column":9},"end":{"line":149,"column":29}},{"start":{"line":149,"column":33},"end":{"line":149,"column":55}},{"start":{"line":150,"column":10},"end":{"line":166,"column":16}}],"line":149},"16":{"loc":{"start":{"line":154,"column":40},"end":{"line":154,"column":67}},"type":"cond-expr","locations":[{"start":{"line":154,"column":54},"end":{"line":154,"column":62}},{"start":{"line":154,"column":65},"end":{"line":154,"column":67}}],"line":154}},"s":{"0":6,"1":6,"2":6,"3":6,"4":6,"5":6,"6":4,"7":4,"8":6,"9":3,"10":2,"11":1,"12":2,"13":0,"14":0,"15":2,"16":1,"17":1,"18":3,"19":3,"20":3,"21":6,"22":0,"23":0,"24":6,"25":0,"26":0,"27":6,"28":0,"29":6,"30":1,"31":1,"32":6,"33":0,"34":0,"35":6,"36":12,"37":0,"38":0},"f":{"0":6,"1":4,"2":3,"3":2,"4":0,"5":1,"6":3,"7":0,"8":0,"9":0,"10":0,"11":0,"12":1,"13":0,"14":12,"15":0,"16":0},"b":{"0":[0],"1":[1,1],"2":[0,2],"3":[0,0],"4":[1,1],"5":[1,0],"6":[0,0],"7":[0,0],"8":[0,0],"9":[6,6],"10":[6,5,5],"11":[6,1],"12":[6,5],"13":[2,3],"14":[3,0],"15":[6,6,6],"16":[6,6]},"_coverageSchema":"1a1c01bbd47fc00a2c39e90264f33305004495a9","hash":"cbd4f80d70cd7edc36d7fb75da89356fe079babe"}
,"/home/neo/beacon-search/frontend/src/components/RichContentView.jsx": {"path":"/home/neo/beacon-search/frontend/src/components/RichContentView.jsx","statementMap":{"0":{"start":{"line":27,"column":2},"end":{"line":27,"column":23}},"1":{"start":{"line":27,"column":11},"end":{"line":27,"column":23}},"2":{"start":{"line":28,"column":12},"end":{"line":28,"column":74}},"3":{"start":{"line":29,"column":2},"end":{"line":29,"column":38}},"4":{"start":{"line":29,"column":26},"end":{"line":29,"column":38}},"5":{"start":{"line":31,"column":14},"end":{"line":31,"column":24}},"6":{"start":{"line":32,"column":15},"end":{"line":32,"column":32}},"7":{"start":{"line":33,"column":15},"end":{"line":33,"column":39}},"8":{"start":{"line":34,"column":16},"end":{"line":34,"column":42}},"9":{"start":{"line":35,"column":15},"end":{"line":35,"column":42}},"10":{"start":{"line":37,"column":2},"end":{"line":37,"column":34}},"11":{"start":{"line":37,"column":16},"end":{"line":37,"column":34}},"12":{"start":{"line":38,"column":2},"end":{"line":38,"column":39}},"13":{"start":{"line":38,"column":17},"end":{"line":38,"column":39}},"14":{"start":{"line":39,"column":2},"end":{"line":39,"column":41}},"15":{"start":{"line":39,"column":18},"end":{"line":39,"column":41}},"16":{"start":{"line":40,"column":2},"end":{"line":40,"column":38}},"17":{"start":{"line":40,"column":16},"end":{"line":40,"column":38}},"18":{"start":{"line":41,"column":2},"end":{"line":41,"column":94}},"19":{"start":{"line":45,"column":2},"end":{"line":45,"column":45}},"20":{"start":{"line":45,"column":33},"end":{"line":45,"column":45}},"21":{"start":{"line":46,"column":2},"end":{"line":46,"column":49}},"22":{"start":{"line":49,"column":21},"end":{"line":58,"column":1}},"23":{"start":{"line":61,"column":2},"end":{"line":61,"column":73}},"24":{"start":{"line":72,"column":15},"end":{"line":72,"column":40}},"25":{"start":{"line":73,"column":16},"end":{"line":73,"column":97}},"26":{"start":{"line":74,"column":2},"end":{"line":79,"column":4}},"27":{"start":{"line":86,"column":34},"end":{"line":86,"column":49}},"28":{"start":{"line":88,"column":2},"end":{"line":114,"column":4}},"29":{"start":{"line":96,"column":27},"end":{"line":96,"column":44}},"30":{"start":{"line":121,"column":30},"end":{"line":121,"column":45}},"31":{"start":{"line":122,"column":28},"end":{"line":122,"column":43}},"32":{"start":{"line":123,"column":17},"end":{"line":123,"column":29}},"33":{"start":{"line":125,"column":2},"end":{"line":136,"column":12}},"34":{"start":{"line":126,"column":21},"end":{"line":133,"column":5}},"35":{"start":{"line":128,"column":8},"end":{"line":130,"column":9}},"36":{"start":{"line":129,"column":10},"end":{"line":129,"column":35}},"37":{"start":{"line":134,"column":4},"end":{"line":134,"column":57}},"38":{"start":{"line":134,"column":24},"end":{"line":134,"column":57}},"39":{"start":{"line":135,"column":4},"end":{"line":135,"column":39}},"40":{"start":{"line":135,"column":17},"end":{"line":135,"column":38}},"41":{"start":{"line":138,"column":2},"end":{"line":144,"column":3}},"42":{"start":{"line":139,"column":4},"end":{"line":143,"column":6}},"43":{"start":{"line":146,"column":2},"end":{"line":158,"column":4}},"44":{"start":{"line":153,"column":22},"end":{"line":153,"column":37}},"45":{"start":{"line":154,"column":23},"end":{"line":154,"column":37}},"46":{"start":{"line":166,"column":22},"end":{"line":166,"column":23}},"47":{"start":{"line":167,"column":18},"end":{"line":167,"column":46}},"48":{"start":{"line":168,"column":19},"end":{"line":168,"column":46}},"49":{"start":{"line":170,"column":2},"end":{"line":184,"column":4}},"50":{"start":{"line":173,"column":8},"end":{"line":175,"column":14}},"51":{"start":{"line":191,"column":2},"end":{"line":204,"column":3}},"52":{"start":{"line":192,"column":4},"end":{"line":203,"column":6}},"53":{"start":{"line":205,"column":2},"end":{"line":210,"column":4}},"54":{"start":{"line":218,"column":26},"end":{"line":218,"column":40}},"55":{"start":{"line":219,"column":34},"end":{"line":219,"column":49}},"56":{"start":{"line":220,"column":30},"end":{"line":220,"column":45}},"57":{"start":{"line":222,"column":2},"end":{"line":248,"column":12}},"58":{"start":{"line":223,"column":4},"end":{"line":223,"column":21}},"59":{"start":{"line":223,"column":14},"end":{"line":223,"column":21}},"60":{"start":{"line":224,"column":4},"end":{"line":224,"column":22}},"61":{"start":{"line":227,"column":20},"end":{"line":227,"column":83}},"62":{"start":{"line":228,"column":4},"end":{"line":247,"column":41}},"63":{"start":{"line":229,"column":19},"end":{"line":229,"column":27}},"64":{"start":{"line":231,"column":21},"end":{"line":231,"column":40}},"65":{"start":{"line":232,"column":20},"end":{"line":232,"column":70}},"66":{"start":{"line":233,"column":22},"end":{"line":235,"column":66}},"67":{"start":{"line":234,"column":10},"end":{"line":235,"column":66}},"68":{"start":{"line":236,"column":22},"end":{"line":236,"column":58}},"69":{"start":{"line":237,"column":28},"end":{"line":237,"column":81}},"70":{"start":{"line":238,"column":22},"end":{"line":238,"column":45}},"71":{"start":{"line":239,"column":25},"end":{"line":239,"column":71}},"72":{"start":{"line":240,"column":8},"end":{"line":244,"column":9}},"73":{"start":{"line":241,"column":10},"end":{"line":241,"column":59}},"74":{"start":{"line":243,"column":10},"end":{"line":243,"column":26}},"75":{"start":{"line":246,"column":19},"end":{"line":246,"column":34}},"76":{"start":{"line":247,"column":21},"end":{"line":247,"column":39}},"77":{"start":{"line":250,"column":2},"end":{"line":258,"column":3}},"78":{"start":{"line":251,"column":4},"end":{"line":257,"column":6}},"79":{"start":{"line":260,"column":2},"end":{"line":266,"column":3}},"80":{"start":{"line":261,"column":4},"end":{"line":265,"column":6}},"81":{"start":{"line":268,"column":2},"end":{"line":288,"column":4}},"82":{"start":{"line":295,"column":2},"end":{"line":295,"column":46}},"83":{"start":{"line":295,"column":34},"end":{"line":295,"column":46}},"84":{"start":{"line":296,"column":2},"end":{"line":309,"column":4}},"85":{"start":{"line":299,"column":8},"end":{"line":306,"column":17}},"86":{"start":{"line":302,"column":28},"end":{"line":302,"column":48}},"87":{"start":{"line":302,"column":49},"end":{"line":302,"column":79}},"88":{"start":{"line":331,"column":28},"end":{"line":331,"column":50}},"89":{"start":{"line":333,"column":18},"end":{"line":333,"column":36}},"90":{"start":{"line":334,"column":16},"end":{"line":334,"column":42}},"91":{"start":{"line":337,"column":18},"end":{"line":349,"column":6}},"92":{"start":{"line":338,"column":16},"end":{"line":338,"column":18}},"93":{"start":{"line":339,"column":4},"end":{"line":344,"column":5}},"94":{"start":{"line":340,"column":6},"end":{"line":343,"column":9}},"95":{"start":{"line":341,"column":8},"end":{"line":342,"column":41}},"96":{"start":{"line":341,"column":35},"end":{"line":341,"column":47}},"97":{"start":{"line":342,"column":13},"end":{"line":342,"column":41}},"98":{"start":{"line":342,"column":25},"end":{"line":342,"column":41}},"99":{"start":{"line":345,"column":4},"end":{"line":345,"column":75}},"100":{"start":{"line":345,"column":44},"end":{"line":345,"column":75}},"101":{"start":{"line":347,"column":19},"end":{"line":347,"column":43}},"102":{"start":{"line":348,"column":4},"end":{"line":348,"column":58}},"103":{"start":{"line":351,"column":16},"end":{"line":351,"column":37}},"104":{"start":{"line":352,"column":19},"end":{"line":352,"column":100}},"105":{"start":{"line":353,"column":26},"end":{"line":353,"column":66}},"106":{"start":{"line":356,"column":20},"end":{"line":356,"column":95}},"107":{"start":{"line":357,"column":20},"end":{"line":357,"column":64}},"108":{"start":{"line":360,"column":19},"end":{"line":360,"column":33}},"109":{"start":{"line":361,"column":21},"end":{"line":361,"column":70}},"110":{"start":{"line":362,"column":21},"end":{"line":362,"column":82}},"111":{"start":{"line":365,"column":17},"end":{"line":365,"column":85}},"112":{"start":{"line":366,"column":23},"end":{"line":366,"column":71}},"113":{"start":{"line":367,"column":16},"end":{"line":367,"column":62}},"114":{"start":{"line":368,"column":20},"end":{"line":368,"column":97}},"115":{"start":{"line":371,"column":25},"end":{"line":371,"column":48}},"116":{"start":{"line":374,"column":18},"end":{"line":374,"column":47}},"117":{"start":{"line":376,"column":17},"end":{"line":379,"column":8}},"118":{"start":{"line":377,"column":4},"end":{"line":377,"column":24}},"119":{"start":{"line":378,"column":4},"end":{"line":378,"column":16}},"120":{"start":{"line":381,"column":19},"end":{"line":384,"column":8}},"121":{"start":{"line":382,"column":4},"end":{"line":382,"column":24}},"122":{"start":{"line":383,"column":4},"end":{"line":383,"column":16}},"123":{"start":{"line":386,"column":19},"end":{"line":389,"column":8}},"124":{"start":{"line":387,"column":4},"end":{"line":387,"column":24}},"125":{"start":{"line":388,"column":4},"end":{"line":388,"column":16}},"126":{"start":{"line":392,"column":2},"end":{"line":417,"column":3}},"127":{"start":{"line":393,"column":4},"end":{"line":416,"column":6}},"128":{"start":{"line":398,"column":90},"end":{"line":398,"column":109}},"129":{"start":{"line":420,"column":2},"end":{"line":463,"column":3}},"130":{"start":{"line":421,"column":4},"end":{"line":462,"column":6}},"131":{"start":{"line":422,"column":55},"end":{"line":422,"column":74}},"132":{"start":{"line":466,"column":2},"end":{"line":567,"column":4}},"133":{"start":{"line":467,"column":53},"end":{"line":467,"column":72}},"134":{"start":{"line":512,"column":14},"end":{"line":514,"column":18}},"135":{"start":{"line":516,"column":35},"end":{"line":516,"column":68}},"136":{"start":{"line":534,"column":12},"end":{"line":534,"column":50}},"137":{"start":{"line":537,"column":12},"end":{"line":537,"column":46}},"138":{"start":{"line":544,"column":27},"end":{"line":546,"column":22}},"139":{"start":{"line":545,"column":25},"end":{"line":545,"column":91}},"140":{"start":{"line":547,"column":8},"end":{"line":547,"column":49}},"141":{"start":{"line":547,"column":37},"end":{"line":547,"column":49}},"142":{"start":{"line":548,"column":8},"end":{"line":554,"column":10}},"143":{"start":{"line":551,"column":14},"end":{"line":551,"column":53}}},"fnMap":{"0":{"name":"formatTimestamp","decl":{"start":{"line":26,"column":9},"end":{"line":26,"column":24}},"loc":{"start":{"line":26,"column":29},"end":{"line":42,"column":1}},"line":26},"1":{"name":"shortenNpub","decl":{"start":{"line":44,"column":9},"end":{"line":44,"column":20}},"loc":{"start":{"line":44,"column":27},"end":{"line":47,"column":1}},"line":44},"2":{"name":"getSourceIcon","decl":{"start":{"line":60,"column":9},"end":{"line":60,"column":22}},"loc":{"start":{"line":60,"column":35},"end":{"line":62,"column":1}},"line":60},"3":{"name":"SourceBadge","decl":{"start":{"line":71,"column":9},"end":{"line":71,"column":20}},"loc":{"start":{"line":71,"column":59},"end":{"line":80,"column":1}},"line":71},"4":{"name":"AuthorRow","decl":{"start":{"line":85,"column":9},"end":{"line":85,"column":18}},"loc":{"start":{"line":85,"column":63},"end":{"line":115,"column":1}},"line":85},"5":{"name":"(anonymous_5)","decl":{"start":{"line":96,"column":21},"end":{"line":96,"column":22}},"loc":{"start":{"line":96,"column":27},"end":{"line":96,"column":44}},"line":96},"6":{"name":"LazyImage","decl":{"start":{"line":120,"column":9},"end":{"line":120,"column":18}},"loc":{"start":{"line":120,"column":33},"end":{"line":159,"column":1}},"line":120},"7":{"name":"(anonymous_7)","decl":{"start":{"line":125,"column":12},"end":{"line":125,"column":13}},"loc":{"start":{"line":125,"column":18},"end":{"line":136,"column":3}},"line":125},"8":{"name":"(anonymous_8)","decl":{"start":{"line":127,"column":6},"end":{"line":127,"column":7}},"loc":{"start":{"line":127,"column":19},"end":{"line":131,"column":7}},"line":127},"9":{"name":"(anonymous_9)","decl":{"start":{"line":135,"column":11},"end":{"line":135,"column":12}},"loc":{"start":{"line":135,"column":17},"end":{"line":135,"column":38}},"line":135},"10":{"name":"(anonymous_10)","decl":{"start":{"line":153,"column":16},"end":{"line":153,"column":17}},"loc":{"start":{"line":153,"column":22},"end":{"line":153,"column":37}},"line":153},"11":{"name":"(anonymous_11)","decl":{"start":{"line":154,"column":17},"end":{"line":154,"column":18}},"loc":{"start":{"line":154,"column":23},"end":{"line":154,"column":37}},"line":154},"12":{"name":"MediaGallery","decl":{"start":{"line":165,"column":9},"end":{"line":165,"column":21}},"loc":{"start":{"line":165,"column":34},"end":{"line":185,"column":1}},"line":165},"13":{"name":"(anonymous_13)","decl":{"start":{"line":172,"column":19},"end":{"line":172,"column":20}},"loc":{"start":{"line":173,"column":8},"end":{"line":175,"column":14}},"line":173},"14":{"name":"VideoEmbed","decl":{"start":{"line":190,"column":9},"end":{"line":190,"column":19}},"loc":{"start":{"line":190,"column":40},"end":{"line":211,"column":1}},"line":190},"15":{"name":"LinkPreviewCard","decl":{"start":{"line":217,"column":9},"end":{"line":217,"column":24}},"loc":{"start":{"line":217,"column":34},"end":{"line":289,"column":1}},"line":217},"16":{"name":"(anonymous_16)","decl":{"start":{"line":222,"column":12},"end":{"line":222,"column":13}},"loc":{"start":{"line":222,"column":18},"end":{"line":248,"column":3}},"line":222},"17":{"name":"(anonymous_17)","decl":{"start":{"line":229,"column":12},"end":{"line":229,"column":13}},"loc":{"start":{"line":229,"column":19},"end":{"line":229,"column":27}},"line":229},"18":{"name":"(anonymous_18)","decl":{"start":{"line":230,"column":12},"end":{"line":230,"column":13}},"loc":{"start":{"line":230,"column":22},"end":{"line":245,"column":7}},"line":230},"19":{"name":"(anonymous_19)","decl":{"start":{"line":233,"column":22},"end":{"line":233,"column":23}},"loc":{"start":{"line":234,"column":10},"end":{"line":235,"column":66}},"line":234},"20":{"name":"(anonymous_20)","decl":{"start":{"line":246,"column":13},"end":{"line":246,"column":14}},"loc":{"start":{"line":246,"column":19},"end":{"line":246,"column":34}},"line":246},"21":{"name":"(anonymous_21)","decl":{"start":{"line":247,"column":15},"end":{"line":247,"column":16}},"loc":{"start":{"line":247,"column":21},"end":{"line":247,"column":39}},"line":247},"22":{"name":"TagList","decl":{"start":{"line":294,"column":9},"end":{"line":294,"column":16}},"loc":{"start":{"line":294,"column":39},"end":{"line":310,"column":1}},"line":294},"23":{"name":"(anonymous_23)","decl":{"start":{"line":298,"column":16},"end":{"line":298,"column":17}},"loc":{"start":{"line":299,"column":8},"end":{"line":306,"column":17}},"line":299},"24":{"name":"(anonymous_24)","decl":{"start":{"line":302,"column":19},"end":{"line":302,"column":20}},"loc":{"start":{"line":302,"column":26},"end":{"line":302,"column":81}},"line":302},"25":{"name":"RichContentView","decl":{"start":{"line":325,"column":9},"end":{"line":325,"column":24}},"loc":{"start":{"line":330,"column":3},"end":{"line":568,"column":1}},"line":330},"26":{"name":"(anonymous_26)","decl":{"start":{"line":337,"column":19},"end":{"line":337,"column":20}},"loc":{"start":{"line":337,"column":25},"end":{"line":349,"column":3}},"line":337},"27":{"name":"(anonymous_27)","decl":{"start":{"line":340,"column":23},"end":{"line":340,"column":24}},"loc":{"start":{"line":340,"column":30},"end":{"line":343,"column":7}},"line":340},"28":{"name":"(anonymous_28)","decl":{"start":{"line":376,"column":29},"end":{"line":376,"column":30}},"loc":{"start":{"line":376,"column":36},"end":{"line":379,"column":3}},"line":376},"29":{"name":"(anonymous_29)","decl":{"start":{"line":381,"column":31},"end":{"line":381,"column":32}},"loc":{"start":{"line":381,"column":38},"end":{"line":384,"column":3}},"line":381},"30":{"name":"(anonymous_30)","decl":{"start":{"line":386,"column":31},"end":{"line":386,"column":32}},"loc":{"start":{"line":386,"column":38},"end":{"line":389,"column":3}},"line":386},"31":{"name":"(anonymous_31)","decl":{"start":{"line":398,"column":83},"end":{"line":398,"column":84}},"loc":{"start":{"line":398,"column":90},"end":{"line":398,"column":109}},"line":398},"32":{"name":"(anonymous_32)","decl":{"start":{"line":422,"column":48},"end":{"line":422,"column":49}},"loc":{"start":{"line":422,"column":55},"end":{"line":422,"column":74}},"line":422},"33":{"name":"(anonymous_33)","decl":{"start":{"line":467,"column":46},"end":{"line":467,"column":47}},"loc":{"start":{"line":467,"column":53},"end":{"line":467,"column":72}},"line":467},"34":{"name":"(anonymous_34)","decl":{"start":{"line":511,"column":15},"end":{"line":511,"column":16}},"loc":{"start":{"line":512,"column":14},"end":{"line":514,"column":18}},"line":512},"35":{"name":"(anonymous_35)","decl":{"start":{"line":516,"column":17},"end":{"line":516,"column":18}},"loc":{"start":{"line":516,"column":35},"end":{"line":516,"column":68}},"line":516},"36":{"name":"(anonymous_36)","decl":{"start":{"line":533,"column":32},"end":{"line":533,"column":33}},"loc":{"start":{"line":534,"column":12},"end":{"line":534,"column":50}},"line":534},"37":{"name":"(anonymous_37)","decl":{"start":{"line":536,"column":28},"end":{"line":536,"column":29}},"loc":{"start":{"line":537,"column":12},"end":{"line":537,"column":46}},"line":537},"38":{"name":"(anonymous_38)","decl":{"start":{"line":543,"column":21},"end":{"line":543,"column":22}},"loc":{"start":{"line":543,"column":27},"end":{"line":555,"column":7}},"line":543},"39":{"name":"(anonymous_39)","decl":{"start":{"line":545,"column":18},"end":{"line":545,"column":19}},"loc":{"start":{"line":545,"column":25},"end":{"line":545,"column":91}},"line":545},"40":{"name":"(anonymous_40)","decl":{"start":{"line":550,"column":28},"end":{"line":550,"column":29}},"loc":{"start":{"line":551,"column":14},"end":{"line":551,"column":53}},"line":551}},"branchMap":{"0":{"loc":{"start":{"line":27,"column":2},"end":{"line":27,"column":23}},"type":"if","locations":[{"start":{"line":27,"column":2},"end":{"line":27,"column":23}},{"start":{},"end":{}}],"line":27},"1":{"loc":{"start":{"line":28,"column":21},"end":{"line":28,"column":73}},"type":"cond-expr","locations":[{"start":{"line":28,"column":59},"end":{"line":28,"column":68}},{"start":{"line":28,"column":71},"end":{"line":28,"column":73}}],"line":28},"2":{"loc":{"start":{"line":28,"column":21},"end":{"line":28,"column":56}},"type":"binary-expr","locations":[{"start":{"line":28,"column":21},"end":{"line":28,"column":43}},{"start":{"line":28,"column":47},"end":{"line":28,"column":56}}],"line":28},"3":{"loc":{"start":{"line":29,"column":2},"end":{"line":29,"column":38}},"type":"if","locations":[{"start":{"line":29,"column":2},"end":{"line":29,"column":38}},{"start":{},"end":{}}],"line":29},"4":{"loc":{"start":{"line":37,"column":2},"end":{"line":37,"column":34}},"type":"if","locations":[{"start":{"line":37,"column":2},"end":{"line":37,"column":34}},{"start":{},"end":{}}],"line":37},"5":{"loc":{"start":{"line":38,"column":2},"end":{"line":38,"column":39}},"type":"if","locations":[{"start":{"line":38,"column":2},"end":{"line":38,"column":39}},{"start":{},"end":{}}],"line":38},"6":{"loc":{"start":{"line":39,"column":2},"end":{"line":39,"column":41}},"type":"if","locations":[{"start":{"line":39,"column":2},"end":{"line":39,"column":41}},{"start":{},"end":{}}],"line":39},"7":{"loc":{"start":{"line":40,"column":2},"end":{"line":40,"column":38}},"type":"if","locations":[{"start":{"line":40,"column":2},"end":{"line":40,"column":38}},{"start":{},"end":{}}],"line":40},"8":{"loc":{"start":{"line":45,"column":2},"end":{"line":45,"column":45}},"type":"if","locations":[{"start":{"line":45,"column":2},"end":{"line":45,"column":45}},{"start":{},"end":{}}],"line":45},"9":{"loc":{"start":{"line":45,"column":6},"end":{"line":45,"column":31}},"type":"binary-expr","locations":[{"start":{"line":45,"column":6},"end":{"line":45,"column":11}},{"start":{"line":45,"column":15},"end":{"line":45,"column":31}}],"line":45},"10":{"loc":{"start":{"line":61,"column":9},"end":{"line":61,"column":72}},"type":"binary-expr","locations":[{"start":{"line":61,"column":9},"end":{"line":61,"column":48}},{"start":{"line":61,"column":52},"end":{"line":61,"column":72}}],"line":61},"11":{"loc":{"start":{"line":73,"column":16},"end":{"line":73,"column":97}},"type":"binary-expr","locations":[{"start":{"line":73,"column":16},"end":{"line":73,"column":26}},{"start":{"line":73,"column":31},"end":{"line":73,"column":69}},{"start":{"line":73,"column":74},"end":{"line":73,"column":84}},{"start":{"line":73,"column":88},"end":{"line":73,"column":97}}],"line":73},"12":{"loc":{"start":{"line":73,"column":31},"end":{"line":73,"column":69}},"type":"cond-expr","locations":[{"start":{"line":73,"column":42},"end":{"line":73,"column":62}},{"start":{"line":73,"column":65},"end":{"line":73,"column":69}}],"line":73},"13":{"loc":{"start":{"line":91,"column":9},"end":{"line":102,"column":9}},"type":"cond-expr","locations":[{"start":{"line":92,"column":10},"end":{"line":97,"column":12}},{"start":{"line":99,"column":10},"end":{"line":101,"column":17}}],"line":91},"14":{"loc":{"start":{"line":91,"column":9},"end":{"line":91,"column":31}},"type":"binary-expr","locations":[{"start":{"line":91,"column":9},"end":{"line":91,"column":18}},{"start":{"line":91,"column":22},"end":{"line":91,"column":31}}],"line":91},"15":{"loc":{"start":{"line":94,"column":17},"end":{"line":94,"column":35}},"type":"binary-expr","locations":[{"start":{"line":94,"column":17},"end":{"line":94,"column":23}},{"start":{"line":94,"column":27},"end":{"line":94,"column":35}}],"line":94},"16":{"loc":{"start":{"line":100,"column":14},"end":{"line":100,"column":43}},"type":"binary-expr","locations":[{"start":{"line":100,"column":14},"end":{"line":100,"column":20}},{"start":{"line":100,"column":24},"end":{"line":100,"column":36}},{"start":{"line":100,"column":40},"end":{"line":100,"column":43}}],"line":100},"17":{"loc":{"start":{"line":105,"column":9},"end":{"line":105,"column":68}},"type":"binary-expr","locations":[{"start":{"line":105,"column":9},"end":{"line":105,"column":15}},{"start":{"line":105,"column":19},"end":{"line":105,"column":68}}],"line":105},"18":{"loc":{"start":{"line":106,"column":9},"end":{"line":106,"column":62}},"type":"binary-expr","locations":[{"start":{"line":106,"column":9},"end":{"line":106,"column":14}},{"start":{"line":106,"column":18},"end":{"line":106,"column":62}}],"line":106},"19":{"loc":{"start":{"line":107,"column":9},"end":{"line":111,"column":9}},"type":"binary-expr","locations":[{"start":{"line":107,"column":9},"end":{"line":107,"column":16}},{"start":{"line":107,"column":20},"end":{"line":107,"column":32}},{"start":{"line":108,"column":10},"end":{"line":110,"column":17}}],"line":107},"20":{"loc":{"start":{"line":128,"column":8},"end":{"line":130,"column":9}},"type":"if","locations":[{"start":{"line":128,"column":8},"end":{"line":130,"column":9}},{"start":{},"end":{}}],"line":128},"21":{"loc":{"start":{"line":128,"column":12},"end":{"line":128,"column":50}},"type":"binary-expr","locations":[{"start":{"line":128,"column":12},"end":{"line":128,"column":32}},{"start":{"line":128,"column":36},"end":{"line":128,"column":50}}],"line":128},"22":{"loc":{"start":{"line":134,"column":4},"end":{"line":134,"column":57}},"type":"if","locations":[{"start":{"line":134,"column":4},"end":{"line":134,"column":57}},{"start":{},"end":{}}],"line":134},"23":{"loc":{"start":{"line":138,"column":2},"end":{"line":144,"column":3}},"type":"if","locations":[{"start":{"line":138,"column":2},"end":{"line":144,"column":3}},{"start":{},"end":{}}],"line":138},"24":{"loc":{"start":{"line":147,"column":36},"end":{"line":147,"column":65}},"type":"cond-expr","locations":[{"start":{"line":147,"column":45},"end":{"line":147,"column":53}},{"start":{"line":147,"column":56},"end":{"line":147,"column":65}}],"line":147},"25":{"loc":{"start":{"line":148,"column":7},"end":{"line":148,"column":57}},"type":"binary-expr","locations":[{"start":{"line":148,"column":7},"end":{"line":148,"column":14}},{"start":{"line":148,"column":18},"end":{"line":148,"column":57}}],"line":148},"26":{"loc":{"start":{"line":151,"column":13},"end":{"line":151,"column":22}},"type":"binary-expr","locations":[{"start":{"line":151,"column":13},"end":{"line":151,"column":16}},{"start":{"line":151,"column":20},"end":{"line":151,"column":22}}],"line":151},"27":{"loc":{"start":{"line":155,"column":26},"end":{"line":155,"column":51}},"type":"cond-expr","locations":[{"start":{"line":155,"column":35},"end":{"line":155,"column":42}},{"start":{"line":155,"column":45},"end":{"line":155,"column":51}}],"line":155},"28":{"loc":{"start":{"line":177,"column":7},"end":{"line":182,"column":7}},"type":"binary-expr","locations":[{"start":{"line":177,"column":7},"end":{"line":177,"column":19}},{"start":{"line":178,"column":8},"end":{"line":181,"column":14}}],"line":177},"29":{"loc":{"start":{"line":191,"column":2},"end":{"line":204,"column":3}},"type":"if","locations":[{"start":{"line":191,"column":2},"end":{"line":204,"column":3}},{"start":{},"end":{}}],"line":191},"30":{"loc":{"start":{"line":223,"column":4},"end":{"line":223,"column":21}},"type":"if","locations":[{"start":{"line":223,"column":4},"end":{"line":223,"column":21}},{"start":{},"end":{}}],"line":223},"31":{"loc":{"start":{"line":231,"column":21},"end":{"line":231,"column":40}},"type":"binary-expr","locations":[{"start":{"line":231,"column":21},"end":{"line":231,"column":34}},{"start":{"line":231,"column":38},"end":{"line":231,"column":40}}],"line":231},"32":{"loc":{"start":{"line":234,"column":10},"end":{"line":235,"column":66}},"type":"binary-expr","locations":[{"start":{"line":234,"column":10},"end":{"line":234,"column":64}},{"start":{"line":235,"column":10},"end":{"line":235,"column":60}},{"start":{"line":235,"column":64},"end":{"line":235,"column":66}}],"line":234},"33":{"loc":{"start":{"line":236,"column":22},"end":{"line":236,"column":58}},"type":"binary-expr","locations":[{"start":{"line":236,"column":22},"end":{"line":236,"column":39}},{"start":{"line":236,"column":43},"end":{"line":236,"column":52}},{"start":{"line":236,"column":56},"end":{"line":236,"column":58}}],"line":236},"34":{"loc":{"start":{"line":237,"column":28},"end":{"line":237,"column":81}},"type":"binary-expr","locations":[{"start":{"line":237,"column":28},"end":{"line":237,"column":51}},{"start":{"line":237,"column":55},"end":{"line":237,"column":75}},{"start":{"line":237,"column":79},"end":{"line":237,"column":81}}],"line":237},"35":{"loc":{"start":{"line":238,"column":22},"end":{"line":238,"column":45}},"type":"binary-expr","locations":[{"start":{"line":238,"column":22},"end":{"line":238,"column":39}},{"start":{"line":238,"column":43},"end":{"line":238,"column":45}}],"line":238},"36":{"loc":{"start":{"line":239,"column":25},"end":{"line":239,"column":71}},"type":"binary-expr","locations":[{"start":{"line":239,"column":25},"end":{"line":239,"column":46}},{"start":{"line":239,"column":50},"end":{"line":239,"column":71}}],"line":239},"37":{"loc":{"start":{"line":240,"column":8},"end":{"line":244,"column":9}},"type":"if","locations":[{"start":{"line":240,"column":8},"end":{"line":244,"column":9}},{"start":{"line":242,"column":15},"end":{"line":244,"column":9}}],"line":240},"38":{"loc":{"start":{"line":250,"column":2},"end":{"line":258,"column":3}},"type":"if","locations":[{"start":{"line":250,"column":2},"end":{"line":258,"column":3}},{"start":{},"end":{}}],"line":250},"39":{"loc":{"start":{"line":260,"column":2},"end":{"line":266,"column":3}},"type":"if","locations":[{"start":{"line":260,"column":2},"end":{"line":266,"column":3}},{"start":{},"end":{}}],"line":260},"40":{"loc":{"start":{"line":260,"column":6},"end":{"line":260,"column":21}},"type":"binary-expr","locations":[{"start":{"line":260,"column":6},"end":{"line":260,"column":12}},{"start":{"line":260,"column":16},"end":{"line":260,"column":21}}],"line":260},"41":{"loc":{"start":{"line":275,"column":7},"end":{"line":279,"column":7}},"type":"binary-expr","locations":[{"start":{"line":275,"column":7},"end":{"line":275,"column":17}},{"start":{"line":276,"column":8},"end":{"line":278,"column":14}}],"line":275},"42":{"loc":{"start":{"line":283,"column":9},"end":{"line":285,"column":9}},"type":"binary-expr","locations":[{"start":{"line":283,"column":9},"end":{"line":283,"column":25}},{"start":{"line":284,"column":10},"end":{"line":284,"column":82}}],"line":283},"43":{"loc":{"start":{"line":295,"column":2},"end":{"line":295,"column":46}},"type":"if","locations":[{"start":{"line":295,"column":2},"end":{"line":295,"column":46}},{"start":{},"end":{}}],"line":295},"44":{"loc":{"start":{"line":295,"column":6},"end":{"line":295,"column":32}},"type":"binary-expr","locations":[{"start":{"line":295,"column":6},"end":{"line":295,"column":11}},{"start":{"line":295,"column":15},"end":{"line":295,"column":32}}],"line":295},"45":{"loc":{"start":{"line":302,"column":49},"end":{"line":302,"column":78}},"type":"binary-expr","locations":[{"start":{"line":302,"column":49},"end":{"line":302,"column":59}},{"start":{"line":302,"column":63},"end":{"line":302,"column":78}}],"line":302},"46":{"loc":{"start":{"line":329,"column":2},"end":{"line":329,"column":18}},"type":"default-arg","locations":[{"start":{"line":329,"column":17},"end":{"line":329,"column":18}}],"line":329},"47":{"loc":{"start":{"line":333,"column":18},"end":{"line":333,"column":36}},"type":"binary-expr","locations":[{"start":{"line":333,"column":18},"end":{"line":333,"column":30}},{"start":{"line":333,"column":34},"end":{"line":333,"column":36}}],"line":333},"48":{"loc":{"start":{"line":334,"column":16},"end":{"line":334,"column":42}},"type":"binary-expr","locations":[{"start":{"line":334,"column":16},"end":{"line":334,"column":26}},{"start":{"line":334,"column":30},"end":{"line":334,"column":42}}],"line":334},"49":{"loc":{"start":{"line":339,"column":4},"end":{"line":344,"column":5}},"type":"if","locations":[{"start":{"line":339,"column":4},"end":{"line":344,"column":5}},{"start":{},"end":{}}],"line":339},"50":{"loc":{"start":{"line":341,"column":8},"end":{"line":342,"column":41}},"type":"if","locations":[{"start":{"line":341,"column":8},"end":{"line":342,"column":41}},{"start":{"line":342,"column":13},"end":{"line":342,"column":41}}],"line":341},"51":{"loc":{"start":{"line":342,"column":13},"end":{"line":342,"column":41}},"type":"if","locations":[{"start":{"line":342,"column":13},"end":{"line":342,"column":41}},{"start":{},"end":{}}],"line":342},"52":{"loc":{"start":{"line":345,"column":4},"end":{"line":345,"column":75}},"type":"if","locations":[{"start":{"line":345,"column":4},"end":{"line":345,"column":75}},{"start":{},"end":{}}],"line":345},"53":{"loc":{"start":{"line":352,"column":19},"end":{"line":352,"column":100}},"type":"binary-expr","locations":[{"start":{"line":352,"column":19},"end":{"line":352,"column":42}},{"start":{"line":352,"column":46},"end":{"line":352,"column":69}},{"start":{"line":352,"column":73},"end":{"line":352,"column":100}}],"line":352},"54":{"loc":{"start":{"line":353,"column":26},"end":{"line":353,"column":66}},"type":"binary-expr","locations":[{"start":{"line":353,"column":26},"end":{"line":353,"column":35}},{"start":{"line":353,"column":39},"end":{"line":353,"column":66}}],"line":353},"55":{"loc":{"start":{"line":356,"column":20},"end":{"line":356,"column":95}},"type":"binary-expr","locations":[{"start":{"line":356,"column":20},"end":{"line":356,"column":35}},{"start":{"line":356,"column":39},"end":{"line":356,"column":64}},{"start":{"line":356,"column":68},"end":{"line":356,"column":95}}],"line":356},"56":{"loc":{"start":{"line":357,"column":20},"end":{"line":357,"column":64}},"type":"binary-expr","locations":[{"start":{"line":357,"column":20},"end":{"line":357,"column":35}},{"start":{"line":357,"column":39},"end":{"line":357,"column":64}}],"line":357},"57":{"loc":{"start":{"line":361,"column":21},"end":{"line":361,"column":70}},"type":"cond-expr","locations":[{"start":{"line":361,"column":32},"end":{"line":361,"column":63}},{"start":{"line":361,"column":66},"end":{"line":361,"column":70}}],"line":361},"58":{"loc":{"start":{"line":362,"column":21},"end":{"line":362,"column":82}},"type":"binary-expr","locations":[{"start":{"line":362,"column":21},"end":{"line":362,"column":37}},{"start":{"line":362,"column":41},"end":{"line":362,"column":50}},{"start":{"line":362,"column":54},"end":{"line":362,"column":82}}],"line":362},"59":{"loc":{"start":{"line":365,"column":17},"end":{"line":365,"column":85}},"type":"binary-expr","locations":[{"start":{"line":365,"column":17},"end":{"line":365,"column":28}},{"start":{"line":365,"column":32},"end":{"line":365,"column":53}},{"start":{"line":365,"column":57},"end":{"line":365,"column":85}}],"line":365},"60":{"loc":{"start":{"line":366,"column":23},"end":{"line":366,"column":71}},"type":"binary-expr","locations":[{"start":{"line":366,"column":23},"end":{"line":366,"column":46}},{"start":{"line":366,"column":50},"end":{"line":366,"column":71}}],"line":366},"61":{"loc":{"start":{"line":367,"column":16},"end":{"line":367,"column":62}},"type":"binary-expr","locations":[{"start":{"line":367,"column":16},"end":{"line":367,"column":38}},{"start":{"line":367,"column":42},"end":{"line":367,"column":62}}],"line":367},"62":{"loc":{"start":{"line":368,"column":20},"end":{"line":368,"column":97}},"type":"binary-expr","locations":[{"start":{"line":368,"column":20},"end":{"line":368,"column":44}},{"start":{"line":368,"column":48},"end":{"line":368,"column":70}},{"start":{"line":368,"column":74},"end":{"line":368,"column":97}}],"line":368},"63":{"loc":{"start":{"line":392,"column":2},"end":{"line":417,"column":3}},"type":"if","locations":[{"start":{"line":392,"column":2},"end":{"line":417,"column":3}},{"start":{},"end":{}}],"line":392},"64":{"loc":{"start":{"line":397,"column":13},"end":{"line":401,"column":21}},"type":"cond-expr","locations":[{"start":{"line":398,"column":14},"end":{"line":400,"column":18}},{"start":{"line":401,"column":16},"end":{"line":401,"column":21}}],"line":397},"65":{"loc":{"start":{"line":403,"column":11},"end":{"line":405,"column":11}},"type":"binary-expr","locations":[{"start":{"line":403,"column":12},"end":{"line":403,"column":20}},{"start":{"line":403,"column":24},"end":{"line":403,"column":34}},{"start":{"line":404,"column":12},"end":{"line":404,"column":95}}],"line":403},"66":{"loc":{"start":{"line":408,"column":9},"end":{"line":408,"column":60}},"type":"binary-expr","locations":[{"start":{"line":408,"column":9},"end":{"line":408,"column":16}},{"start":{"line":408,"column":20},"end":{"line":408,"column":60}}],"line":408},"67":{"loc":{"start":{"line":420,"column":2},"end":{"line":463,"column":3}},"type":"if","locations":[{"start":{"line":420,"column":2},"end":{"line":463,"column":3}},{"start":{},"end":{}}],"line":420},"68":{"loc":{"start":{"line":425,"column":13},"end":{"line":429,"column":21}},"type":"cond-expr","locations":[{"start":{"line":426,"column":14},"end":{"line":428,"column":18}},{"start":{"line":429,"column":16},"end":{"line":429,"column":21}}],"line":425},"69":{"loc":{"start":{"line":431,"column":11},"end":{"line":433,"column":11}},"type":"binary-expr","locations":[{"start":{"line":431,"column":12},"end":{"line":431,"column":20}},{"start":{"line":431,"column":24},"end":{"line":431,"column":34}},{"start":{"line":432,"column":12},"end":{"line":432,"column":95}}],"line":431},"70":{"loc":{"start":{"line":439,"column":11},"end":{"line":443,"column":11}},"type":"binary-expr","locations":[{"start":{"line":439,"column":11},"end":{"line":439,"column":20}},{"start":{"line":440,"column":12},"end":{"line":442,"column":19}}],"line":439},"71":{"loc":{"start":{"line":444,"column":11},"end":{"line":448,"column":11}},"type":"binary-expr","locations":[{"start":{"line":444,"column":11},"end":{"line":444,"column":20}},{"start":{"line":444,"column":24},"end":{"line":444,"column":47}},{"start":{"line":445,"column":12},"end":{"line":447,"column":19}}],"line":444},"72":{"loc":{"start":{"line":469,"column":7},"end":{"line":476,"column":7}},"type":"binary-expr","locations":[{"start":{"line":469,"column":8},"end":{"line":469,"column":14}},{"start":{"line":469,"column":18},"end":{"line":469,"column":30}},{"start":{"line":470,"column":8},"end":{"line":475,"column":10}}],"line":469},"73":{"loc":{"start":{"line":481,"column":11},"end":{"line":485,"column":19}},"type":"cond-expr","locations":[{"start":{"line":482,"column":12},"end":{"line":484,"column":16}},{"start":{"line":485,"column":14},"end":{"line":485,"column":19}}],"line":481},"74":{"loc":{"start":{"line":487,"column":9},"end":{"line":489,"column":9}},"type":"binary-expr","locations":[{"start":{"line":487,"column":10},"end":{"line":487,"column":18}},{"start":{"line":487,"column":22},"end":{"line":487,"column":32}},{"start":{"line":488,"column":10},"end":{"line":488,"column":93}}],"line":487},"75":{"loc":{"start":{"line":494,"column":9},"end":{"line":498,"column":9}},"type":"binary-expr","locations":[{"start":{"line":494,"column":9},"end":{"line":494,"column":18}},{"start":{"line":495,"column":10},"end":{"line":497,"column":17}}],"line":494},"76":{"loc":{"start":{"line":499,"column":9},"end":{"line":503,"column":9}},"type":"binary-expr","locations":[{"start":{"line":499,"column":9},"end":{"line":499,"column":18}},{"start":{"line":499,"column":22},"end":{"line":499,"column":45}},{"start":{"line":500,"column":10},"end":{"line":502,"column":17}}],"line":499},"77":{"loc":{"start":{"line":524,"column":7},"end":{"line":528,"column":7}},"type":"binary-expr","locations":[{"start":{"line":524,"column":7},"end":{"line":524,"column":30}},{"start":{"line":525,"column":8},"end":{"line":527,"column":14}}],"line":524},"78":{"loc":{"start":{"line":531,"column":7},"end":{"line":540,"column":7}},"type":"binary-expr","locations":[{"start":{"line":531,"column":8},"end":{"line":531,"column":31}},{"start":{"line":531,"column":35},"end":{"line":531,"column":62}},{"start":{"line":532,"column":8},"end":{"line":539,"column":14}}],"line":531},"79":{"loc":{"start":{"line":543,"column":7},"end":{"line":555,"column":10}},"type":"binary-expr","locations":[{"start":{"line":543,"column":7},"end":{"line":543,"column":16}},{"start":{"line":543,"column":20},"end":{"line":555,"column":10}}],"line":543},"80":{"loc":{"start":{"line":544,"column":28},"end":{"line":544,"column":77}},"type":"binary-expr","locations":[{"start":{"line":544,"column":28},"end":{"line":544,"column":71}},{"start":{"line":544,"column":75},"end":{"line":544,"column":77}}],"line":544},"81":{"loc":{"start":{"line":547,"column":8},"end":{"line":547,"column":49}},"type":"if","locations":[{"start":{"line":547,"column":8},"end":{"line":547,"column":49}},{"start":{},"end":{}}],"line":547}},"s":{"0":2,"1":0,"2":2,"3":2,"4":0,"5":2,"6":2,"7":2,"8":2,"9":2,"10":2,"11":2,"12":0,"13":0,"14":0,"15":0,"16":0,"17":0,"18":0,"19":0,"20":0,"21":0,"22":1,"23":4,"24":4,"25":4,"26":4,"27":0,"28":0,"29":0,"30":0,"31":0,"32":0,"33":0,"34":0,"35":0,"36":0,"37":0,"38":0,"39":0,"40":0,"41":0,"42":0,"43":0,"44":0,"45":0,"46":0,"47":0,"48":0,"49":0,"50":0,"51":0,"52":0,"53":0,"54":3,"55":3,"56":3,"57":3,"58":1,"59":0,"60":1,"61":1,"62":1,"63":1,"64":1,"65":1,"66":1,"67":5,"68":1,"69":1,"70":1,"71":1,"72":1,"73":1,"74":0,"75":0,"76":1,"77":3,"78":1,"79":2,"80":1,"81":1,"82":2,"83":0,"84":2,"85":4,"86":1,"87":1,"88":4,"89":4,"90":4,"91":4,"92":4,"93":4,"94":4,"95":4,"96":4,"97":0,"98":0,"99":4,"100":0,"101":4,"102":4,"103":4,"104":4,"105":4,"106":4,"107":4,"108":4,"109":4,"110":4,"111":4,"112":4,"113":4,"114":4,"115":4,"116":4,"117":4,"118":1,"119":1,"120":4,"121":1,"122":1,"123":4,"124":1,"125":1,"126":4,"127":2,"128":0,"129":2,"130":1,"131":0,"132":1,"133":0,"134":0,"135":0,"136":0,"137":0,"138":1,"139":1,"140":1,"141":0,"142":1,"143":1},"f":{"0":2,"1":0,"2":4,"3":4,"4":0,"5":0,"6":0,"7":0,"8":0,"9":0,"10":0,"11":0,"12":0,"13":0,"14":0,"15":3,"16":1,"17":1,"18":1,"19":5,"20":0,"21":1,"22":2,"23":4,"24":1,"25":4,"26":4,"27":4,"28":1,"29":1,"30":1,"31":0,"32":0,"33":0,"34":0,"35":0,"36":0,"37":0,"38":1,"39":1,"40":1},"b":{"0":[0,2],"1":[0,2],"2":[2,2],"3":[0,2],"4":[2,0],"5":[0,0],"6":[0,0],"7":[0,0],"8":[0,0],"9":[0,0],"10":[4,0],"11":[4,4,4,0],"12":[0,4],"13":[0,0],"14":[0,0],"15":[0,0],"16":[0,0,0],"17":[0,0],"18":[0,0],"19":[0,0,0],"20":[0,0],"21":[0,0],"22":[0,0],"23":[0,0],"24":[0,0],"25":[0,0],"26":[0,0],"27":[0,0],"28":[0,0],"29":[0,0],"30":[0,1],"31":[1,0],"32":[5,4,4],"33":[1,0,0],"34":[1,1,1],"35":[1,1],"36":[1,1],"37":[1,0],"38":[1,2],"39":[1,1],"40":[2,2],"41":[1,0],"42":[1,0],"43":[0,2],"44":[2,2],"45":[1,1],"46":[4],"47":[4,0],"48":[4,0],"49":[4,0],"50":[4,0],"51":[0,0],"52":[0,4],"53":[4,4,4],"54":[4,4],"55":[4,0,0],"56":[4,4],"57":[0,4],"58":[4,0,0],"59":[4,4,4],"60":[4,4],"61":[4,4],"62":[4,4,4],"63":[2,2],"64":[0,2],"65":[2,2,2],"66":[2,2],"67":[1,1],"68":[0,1],"69":[1,1,1],"70":[1,1],"71":[1,0,0],"72":[1,1,0],"73":[0,1],"74":[1,1,1],"75":[1,1],"76":[1,0,0],"77":[1,0],"78":[1,1,0],"79":[1,1],"80":[1,0],"81":[0,1]},"_coverageSchema":"1a1c01bbd47fc00a2c39e90264f33305004495a9","hash":"871faa95144458df262811e7bf70529cd7480e83"}
,"/home/neo/beacon-search/frontend/src/components/TagFilterSidebar.jsx": {"path":"/home/neo/beacon-search/frontend/src/components/TagFilterSidebar.jsx","statementMap":{"0":{"start":{"line":9,"column":22},"end":{"line":23,"column":1}},"1":{"start":{"line":10,"column":17},"end":{"line":10,"column":46}},"2":{"start":{"line":12,"column":2},"end":{"line":14,"column":3}},"3":{"start":{"line":13,"column":4},"end":{"line":13,"column":45}},"4":{"start":{"line":16,"column":2},"end":{"line":20,"column":3}},"5":{"start":{"line":17,"column":23},"end":{"line":17,"column":60}},"6":{"start":{"line":18,"column":26},"end":{"line":18,"column":81}},"7":{"start":{"line":19,"column":4},"end":{"line":19,"column":55}},"8":{"start":{"line":19,"column":41},"end":{"line":19,"column":55}},"9":{"start":{"line":22,"column":2},"end":{"line":22,"column":73}},"10":{"start":{"line":25,"column":16},"end":{"line":25,"column":31}},"11":{"start":{"line":36,"column":26},"end":{"line":36,"column":38}},"12":{"start":{"line":37,"column":38},"end":{"line":37,"column":50}},"13":{"start":{"line":38,"column":32},"end":{"line":38,"column":46}},"14":{"start":{"line":39,"column":38},"end":{"line":39,"column":50}},"15":{"start":{"line":40,"column":50},"end":{"line":40,"column":64}},"16":{"start":{"line":41,"column":34},"end":{"line":41,"column":49}},"17":{"start":{"line":43,"column":2},"end":{"line":46,"column":37}},"18":{"start":{"line":44,"column":4},"end":{"line":44,"column":15}},"19":{"start":{"line":45,"column":4},"end":{"line":45,"column":21}},"20":{"start":{"line":48,"column":19},"end":{"line":66,"column":3}},"21":{"start":{"line":49,"column":4},"end":{"line":65,"column":5}},"22":{"start":{"line":50,"column":6},"end":{"line":50,"column":23}},"23":{"start":{"line":51,"column":21},"end":{"line":51,"column":42}},"24":{"start":{"line":52,"column":6},"end":{"line":52,"column":36}},"25":{"start":{"line":53,"column":6},"end":{"line":53,"column":72}},"26":{"start":{"line":53,"column":28},"end":{"line":53,"column":72}},"27":{"start":{"line":54,"column":6},"end":{"line":54,"column":58}},"28":{"start":{"line":54,"column":22},"end":{"line":54,"column":58}},"29":{"start":{"line":56,"column":23},"end":{"line":56,"column":67}},"30":{"start":{"line":57,"column":6},"end":{"line":60,"column":7}},"31":{"start":{"line":58,"column":21},"end":{"line":58,"column":42}},"32":{"start":{"line":59,"column":8},"end":{"line":59,"column":27}},"33":{"start":{"line":62,"column":6},"end":{"line":62,"column":51}},"34":{"start":{"line":64,"column":6},"end":{"line":64,"column":24}},"35":{"start":{"line":68,"column":25},"end":{"line":78,"column":3}},"36":{"start":{"line":69,"column":4},"end":{"line":77,"column":5}},"37":{"start":{"line":70,"column":23},"end":{"line":70,"column":68}},"38":{"start":{"line":71,"column":6},"end":{"line":74,"column":7}},"39":{"start":{"line":72,"column":21},"end":{"line":72,"column":42}},"40":{"start":{"line":73,"column":8},"end":{"line":73,"column":39}},"41":{"start":{"line":76,"column":6},"end":{"line":76,"column":57}},"42":{"start":{"line":80,"column":25},"end":{"line":82,"column":3}},"43":{"start":{"line":81,"column":4},"end":{"line":81,"column":25}},"44":{"start":{"line":84,"column":27},"end":{"line":84,"column":87}},"45":{"start":{"line":86,"column":2},"end":{"line":252,"column":4}},"46":{"start":{"line":105,"column":16},"end":{"line":111,"column":23}},"47":{"start":{"line":108,"column":33},"end":{"line":108,"column":52}},"48":{"start":{"line":130,"column":29},"end":{"line":130,"column":75}},"49":{"start":{"line":145,"column":29},"end":{"line":145,"column":68}},"50":{"start":{"line":159,"column":30},"end":{"line":159,"column":48}},"51":{"start":{"line":168,"column":30},"end":{"line":168,"column":47}},"52":{"start":{"line":181,"column":27},"end":{"line":181,"column":56}},"53":{"start":{"line":195,"column":29},"end":{"line":195,"column":54}},"54":{"start":{"line":197,"column":63},"end":{"line":197,"column":82}},"55":{"start":{"line":200,"column":14},"end":{"line":206,"column":23}},"56":{"start":{"line":203,"column":31},"end":{"line":203,"column":64}},"57":{"start":{"line":225,"column":12},"end":{"line":233,"column":21}},"58":{"start":{"line":228,"column":29},"end":{"line":228,"column":49}}},"fnMap":{"0":{"name":"(anonymous_0)","decl":{"start":{"line":9,"column":22},"end":{"line":9,"column":23}},"loc":{"start":{"line":9,"column":28},"end":{"line":23,"column":1}},"line":9},"1":{"name":"TagFilterSidebar","decl":{"start":{"line":27,"column":9},"end":{"line":27,"column":25}},"loc":{"start":{"line":35,"column":3},"end":{"line":253,"column":1}},"line":35},"2":{"name":"(anonymous_2)","decl":{"start":{"line":43,"column":12},"end":{"line":43,"column":13}},"loc":{"start":{"line":43,"column":18},"end":{"line":46,"column":3}},"line":43},"3":{"name":"(anonymous_3)","decl":{"start":{"line":48,"column":19},"end":{"line":48,"column":20}},"loc":{"start":{"line":48,"column":31},"end":{"line":66,"column":3}},"line":48},"4":{"name":"(anonymous_4)","decl":{"start":{"line":68,"column":25},"end":{"line":68,"column":26}},"loc":{"start":{"line":68,"column":37},"end":{"line":78,"column":3}},"line":68},"5":{"name":"(anonymous_5)","decl":{"start":{"line":80,"column":25},"end":{"line":80,"column":26}},"loc":{"start":{"line":80,"column":38},"end":{"line":82,"column":3}},"line":80},"6":{"name":"(anonymous_6)","decl":{"start":{"line":104,"column":32},"end":{"line":104,"column":33}},"loc":{"start":{"line":105,"column":16},"end":{"line":111,"column":23}},"line":105},"7":{"name":"(anonymous_7)","decl":{"start":{"line":108,"column":27},"end":{"line":108,"column":28}},"loc":{"start":{"line":108,"column":33},"end":{"line":108,"column":52}},"line":108},"8":{"name":"(anonymous_8)","decl":{"start":{"line":130,"column":22},"end":{"line":130,"column":23}},"loc":{"start":{"line":130,"column":29},"end":{"line":130,"column":75}},"line":130},"9":{"name":"(anonymous_9)","decl":{"start":{"line":145,"column":22},"end":{"line":145,"column":23}},"loc":{"start":{"line":145,"column":29},"end":{"line":145,"column":68}},"line":145},"10":{"name":"(anonymous_10)","decl":{"start":{"line":159,"column":24},"end":{"line":159,"column":25}},"loc":{"start":{"line":159,"column":30},"end":{"line":159,"column":48}},"line":159},"11":{"name":"(anonymous_11)","decl":{"start":{"line":168,"column":24},"end":{"line":168,"column":25}},"loc":{"start":{"line":168,"column":30},"end":{"line":168,"column":47}},"line":168},"12":{"name":"(anonymous_12)","decl":{"start":{"line":181,"column":20},"end":{"line":181,"column":21}},"loc":{"start":{"line":181,"column":27},"end":{"line":181,"column":56}},"line":181},"13":{"name":"(anonymous_13)","decl":{"start":{"line":195,"column":23},"end":{"line":195,"column":24}},"loc":{"start":{"line":195,"column":29},"end":{"line":195,"column":54}},"line":195},"14":{"name":"(anonymous_14)","decl":{"start":{"line":197,"column":49},"end":{"line":197,"column":50}},"loc":{"start":{"line":197,"column":63},"end":{"line":197,"column":82}},"line":197},"15":{"name":"(anonymous_15)","decl":{"start":{"line":199,"column":28},"end":{"line":199,"column":29}},"loc":{"start":{"line":200,"column":14},"end":{"line":206,"column":23}},"line":200},"16":{"name":"(anonymous_16)","decl":{"start":{"line":203,"column":25},"end":{"line":203,"column":26}},"loc":{"start":{"line":203,"column":31},"end":{"line":203,"column":64}},"line":203},"17":{"name":"(anonymous_17)","decl":{"start":{"line":224,"column":20},"end":{"line":224,"column":21}},"loc":{"start":{"line":225,"column":12},"end":{"line":233,"column":21}},"line":225},"18":{"name":"(anonymous_18)","decl":{"start":{"line":228,"column":23},"end":{"line":228,"column":24}},"loc":{"start":{"line":228,"column":29},"end":{"line":228,"column":49}},"line":228}},"branchMap":{"0":{"loc":{"start":{"line":12,"column":2},"end":{"line":14,"column":3}},"type":"if","locations":[{"start":{"line":12,"column":2},"end":{"line":14,"column":3}},{"start":{},"end":{}}],"line":12},"1":{"loc":{"start":{"line":13,"column":11},"end":{"line":13,"column":44}},"type":"binary-expr","locations":[{"start":{"line":13,"column":11},"end":{"line":13,"column":17}},{"start":{"line":13,"column":21},"end":{"line":13,"column":44}}],"line":13},"2":{"loc":{"start":{"line":16,"column":2},"end":{"line":20,"column":3}},"type":"if","locations":[{"start":{"line":16,"column":2},"end":{"line":20,"column":3}},{"start":{},"end":{}}],"line":16},"3":{"loc":{"start":{"line":19,"column":4},"end":{"line":19,"column":55}},"type":"if","locations":[{"start":{"line":19,"column":4},"end":{"line":19,"column":55}},{"start":{},"end":{}}],"line":19},"4":{"loc":{"start":{"line":19,"column":10},"end":{"line":19,"column":38}},"type":"binary-expr","locations":[{"start":{"line":19,"column":10},"end":{"line":19,"column":20}},{"start":{"line":19,"column":24},"end":{"line":19,"column":38}}],"line":19},"5":{"loc":{"start":{"line":53,"column":6},"end":{"line":53,"column":72}},"type":"if","locations":[{"start":{"line":53,"column":6},"end":{"line":53,"column":72}},{"start":{},"end":{}}],"line":53},"6":{"loc":{"start":{"line":54,"column":6},"end":{"line":54,"column":58}},"type":"if","locations":[{"start":{"line":54,"column":6},"end":{"line":54,"column":58}},{"start":{},"end":{}}],"line":54},"7":{"loc":{"start":{"line":57,"column":6},"end":{"line":60,"column":7}},"type":"if","locations":[{"start":{"line":57,"column":6},"end":{"line":60,"column":7}},{"start":{},"end":{}}],"line":57},"8":{"loc":{"start":{"line":71,"column":6},"end":{"line":74,"column":7}},"type":"if","locations":[{"start":{"line":71,"column":6},"end":{"line":74,"column":7}},{"start":{},"end":{}}],"line":71},"9":{"loc":{"start":{"line":84,"column":27},"end":{"line":84,"column":87}},"type":"binary-expr","locations":[{"start":{"line":84,"column":27},"end":{"line":84,"column":50}},{"start":{"line":84,"column":54},"end":{"line":84,"column":70}},{"start":{"line":84,"column":74},"end":{"line":84,"column":87}}],"line":84},"10":{"loc":{"start":{"line":89,"column":7},"end":{"line":116,"column":7}},"type":"binary-expr","locations":[{"start":{"line":89,"column":7},"end":{"line":89,"column":23}},{"start":{"line":90,"column":8},"end":{"line":115,"column":14}}],"line":89},"11":{"loc":{"start":{"line":102,"column":11},"end":{"line":114,"column":11}},"type":"binary-expr","locations":[{"start":{"line":102,"column":11},"end":{"line":102,"column":34}},{"start":{"line":103,"column":12},"end":{"line":113,"column":18}}],"line":102},"12":{"loc":{"start":{"line":134,"column":42},"end":{"line":134,"column":75}},"type":"binary-expr","locations":[{"start":{"line":134,"column":42},"end":{"line":134,"column":58}},{"start":{"line":134,"column":62},"end":{"line":134,"column":75}}],"line":134},"13":{"loc":{"start":{"line":152,"column":7},"end":{"line":173,"column":7}},"type":"binary-expr","locations":[{"start":{"line":152,"column":7},"end":{"line":152,"column":30}},{"start":{"line":153,"column":8},"end":{"line":172,"column":14}}],"line":152},"14":{"loc":{"start":{"line":187,"column":7},"end":{"line":210,"column":7}},"type":"binary-expr","locations":[{"start":{"line":187,"column":7},"end":{"line":187,"column":28}},{"start":{"line":188,"column":8},"end":{"line":209,"column":14}}],"line":187},"15":{"loc":{"start":{"line":194,"column":41},"end":{"line":194,"column":74}},"type":"cond-expr","locations":[{"start":{"line":194,"column":61},"end":{"line":194,"column":69}},{"start":{"line":194,"column":72},"end":{"line":194,"column":74}}],"line":194},"16":{"loc":{"start":{"line":201,"column":21},"end":{"line":201,"column":52}},"type":"binary-expr","locations":[{"start":{"line":201,"column":21},"end":{"line":201,"column":33}},{"start":{"line":201,"column":37},"end":{"line":201,"column":52}}],"line":201},"17":{"loc":{"start":{"line":202,"column":43},"end":{"line":202,"column":92}},"type":"cond-expr","locations":[{"start":{"line":202,"column":79},"end":{"line":202,"column":87}},{"start":{"line":202,"column":90},"end":{"line":202,"column":92}}],"line":202},"18":{"loc":{"start":{"line":205,"column":17},"end":{"line":205,"column":48}},"type":"binary-expr","locations":[{"start":{"line":205,"column":17},"end":{"line":205,"column":29}},{"start":{"line":205,"column":33},"end":{"line":205,"column":48}}],"line":205},"19":{"loc":{"start":{"line":216,"column":11},"end":{"line":216,"column":69}},"type":"binary-expr","locations":[{"start":{"line":216,"column":11},"end":{"line":216,"column":18}},{"start":{"line":216,"column":22},"end":{"line":216,"column":69}}],"line":216},"20":{"loc":{"start":{"line":219,"column":9},"end":{"line":221,"column":9}},"type":"binary-expr","locations":[{"start":{"line":219,"column":9},"end":{"line":219,"column":26}},{"start":{"line":219,"column":30},"end":{"line":219,"column":38}},{"start":{"line":220,"column":10},"end":{"line":220,"column":54}}],"line":219},"21":{"loc":{"start":{"line":227,"column":37},"end":{"line":227,"column":80}},"type":"cond-expr","locations":[{"start":{"line":227,"column":67},"end":{"line":227,"column":75}},{"start":{"line":227,"column":78},"end":{"line":227,"column":80}}],"line":227},"22":{"loc":{"start":{"line":229,"column":21},"end":{"line":229,"column":60}},"type":"cond-expr","locations":[{"start":{"line":229,"column":32},"end":{"line":229,"column":55}},{"start":{"line":229,"column":58},"end":{"line":229,"column":60}}],"line":229},"23":{"loc":{"start":{"line":244,"column":9},"end":{"line":249,"column":9}},"type":"binary-expr","locations":[{"start":{"line":244,"column":9},"end":{"line":244,"column":32}},{"start":{"line":245,"column":10},"end":{"line":248,"column":16}}],"line":244}},"s":{"0":1,"1":1,"2":1,"3":0,"4":1,"5":0,"6":0,"7":0,"8":0,"9":1,"10":1,"11":1,"12":1,"13":1,"14":1,"15":1,"16":1,"17":1,"18":1,"19":1,"20":1,"21":1,"22":1,"23":1,"24":1,"25":1,"26":0,"27":1,"28":0,"29":1,"30":1,"31":1,"32":1,"33":0,"34":1,"35":1,"36":1,"37":1,"38":1,"39":1,"40":1,"41":0,"42":1,"43":1,"44":1,"45":1,"46":2,"47":1,"48":1,"49":1,"50":0,"51":0,"52":0,"53":0,"54":0,"55":0,"56":0,"57":0,"58":0},"f":{"0":1,"1":1,"2":1,"3":1,"4":1,"5":1,"6":2,"7":1,"8":1,"9":1,"10":0,"11":0,"12":0,"13":0,"14":0,"15":0,"16":0,"17":0,"18":0},"b":{"0":[0,1],"1":[0,0],"2":[0,1],"3":[0,0],"4":[0,0],"5":[0,1],"6":[0,1],"7":[1,0],"8":[1,0],"9":[1,0,0],"10":[1,1],"11":[1,1],"12":[1,1],"13":[1,1],"14":[1,0],"15":[0,0],"16":[0,0],"17":[0,0],"18":[0,0],"19":[1,1],"20":[1,1,0],"21":[0,0],"22":[0,0],"23":[1,1]},"_coverageSchema":"1a1c01bbd47fc00a2c39e90264f33305004495a9","hash":"595a9f37bbc8ec472f469e3166f72a5e127048ae"}
}
