TN:
SF:src/components/InfiniteScrollResults.jsx
FN:10,(anonymous_0)
FN:28,InfiniteScrollResults
FN:46,(anonymous_2)
FN:54,(anonymous_3)
FN:86,(anonymous_4)
FN:89,(anonymous_5)
FN:101,(anonymous_6)
FN:108,(anonymous_7)
FN:110,(anonymous_8)
FN:123,(anonymous_9)
FN:130,(anonymous_10)
FN:134,(anonymous_11)
FN:178,(anonymous_12)
FN:234,ResultCard
FN:235,(anonymous_14)
FN:249,(anonymous_15)
FN:261,(anonymous_16)
FN:276,(anonymous_17)
FN:285,(anonymous_18)
FN:309,(anonymous_19)
FN:328,(anonymous_20)
FN:330,(anonymous_21)
FNF:22
FNH:16
FNDA:1,(anonymous_0)
FNDA:6,InfiniteScrollResults
FNDA:2,(anonymous_2)
FNDA:5,(anonymous_3)
FNDA:1,(anonymous_4)
FNDA:1,(anonymous_5)
FNDA:6,(anonymous_6)
FNDA:6,(anonymous_7)
FNDA:0,(anonymous_8)
FNDA:6,(anonymous_9)
FNDA:0,(anonymous_10)
FNDA:0,(anonymous_11)
FNDA:1,(anonymous_12)
FNDA:1,ResultCard
FNDA:1,(anonymous_14)
FNDA:1,(anonymous_15)
FNDA:1,(anonymous_16)
FNDA:0,(anonymous_17)
FNDA:0,(anonymous_18)
FNDA:1,(anonymous_19)
FNDA:0,(anonymous_20)
FNDA:1,(anonymous_21)
DA:10,1
DA:11,1
DA:13,1
DA:14,0
DA:17,1
DA:18,0
DA:19,0
DA:20,0
DA:23,1
DA:26,1
DA:34,6
DA:35,6
DA:36,6
DA:37,6
DA:38,6
DA:39,6
DA:40,6
DA:42,6
DA:43,6
DA:46,6
DA:47,2
DA:48,2
DA:49,2
DA:50,2
DA:54,6
DA:55,5
DA:57,2
DA:58,2
DA:60,2
DA:61,2
DA:62,2
DA:63,2
DA:64,2
DA:65,2
DA:68,2
DA:69,1
DA:71,2
DA:72,2
DA:74,2
DA:75,0
DA:78,2
DA:80,1
DA:81,0
DA:84,1
DA:86,1
DA:87,1
DA:88,1
DA:89,1
DA:92,1
DA:93,1
DA:94,1
DA:96,2
DA:101,6
DA:102,6
DA:103,5
DA:108,6
DA:109,6
DA:111,0
DA:112,0
DA:118,6
DA:119,6
DA:120,2
DA:123,6
DA:124,6
DA:125,2
DA:130,6
DA:131,0
DA:134,6
DA:135,0
DA:138,6
DA:139,1
DA:150,5
DA:179,1
DA:235,1
DA:236,1
DA:237,0
DA:238,0
DA:239,0
DA:241,0
DA:244,0
DA:246,1
DA:249,1
DA:250,1
DA:251,1
DA:252,0
DA:253,0
DA:256,1
DA:258,1
DA:261,1
DA:277,0
DA:278,0
DA:286,0
DA:310,1
DA:328,0
DA:331,1
DA:332,0
LF:96
LH:74
BRDA:13,0,0,0
BRDA:13,0,1,1
BRDA:14,1,0,0
BRDA:14,1,1,0
BRDA:17,2,0,0
BRDA:17,2,1,1
BRDA:20,3,0,0
BRDA:20,3,1,0
BRDA:20,4,0,0
BRDA:20,4,1,0
BRDA:55,5,0,3
BRDA:55,5,1,2
BRDA:55,6,0,5
BRDA:55,6,1,3
BRDA:62,7,0,2
BRDA:62,7,1,0
BRDA:68,8,0,1
BRDA:68,8,1,1
BRDA:71,9,0,2
BRDA:71,9,1,0
BRDA:74,10,0,0
BRDA:74,10,1,2
BRDA:80,11,0,0
BRDA:80,11,1,1
BRDA:102,12,0,5
BRDA:102,12,1,1
BRDA:102,13,0,6
BRDA:102,13,1,5
BRDA:111,14,0,0
BRDA:111,14,1,0
BRDA:111,15,0,0
BRDA:111,15,1,0
BRDA:111,15,2,0
BRDA:119,16,0,2
BRDA:119,16,1,4
BRDA:124,17,0,2
BRDA:124,17,1,4
BRDA:130,18,0,0
BRDA:138,19,0,1
BRDA:138,19,1,5
BRDA:138,20,0,6
BRDA:138,20,1,1
BRDA:153,21,0,5
BRDA:153,21,1,1
BRDA:158,22,0,1
BRDA:158,22,1,1
BRDA:160,23,0,0
BRDA:160,23,1,1
BRDA:163,24,0,1
BRDA:163,24,1,1
BRDA:168,25,0,1
BRDA:168,25,1,0
BRDA:189,26,0,5
BRDA:189,26,1,2
BRDA:197,27,0,5
BRDA:197,27,1,4
BRDA:197,27,2,2
BRDA:206,28,0,5
BRDA:206,28,1,1
BRDA:206,28,2,1
BRDA:213,29,0,5
BRDA:213,29,1,3
BRDA:213,29,2,2
BRDA:222,30,0,5
BRDA:222,30,1,0
BRDA:236,31,0,1
BRDA:236,31,1,0
BRDA:237,32,0,0
BRDA:237,32,1,0
BRDA:237,33,0,0
BRDA:237,33,1,0
BRDA:250,34,0,0
BRDA:250,34,1,1
BRDA:251,35,0,1
BRDA:251,35,1,0
BRDA:252,36,0,0
BRDA:252,36,1,0
BRDA:256,37,0,1
BRDA:256,37,1,0
BRDA:260,38,0,0
BRDA:260,38,1,1
BRDA:261,39,0,1
BRDA:261,39,1,1
BRDA:266,40,0,0
BRDA:266,40,1,1
BRDA:267,41,0,1
BRDA:267,41,1,0
BRDA:268,42,0,0
BRDA:268,42,1,0
BRDA:273,43,0,1
BRDA:273,43,1,0
BRDA:289,44,0,0
BRDA:289,44,1,0
BRDA:302,45,0,1
BRDA:302,45,1,0
BRDA:303,46,0,1
BRDA:303,46,1,0
BRDA:303,47,0,1
BRDA:303,47,1,0
BRDA:307,48,0,1
BRDA:307,48,1,1
BRDA:307,48,2,1
BRDA:314,49,0,1
BRDA:314,49,1,0
BRDA:322,50,0,1
BRDA:322,50,1,1
BRDA:337,51,0,1
BRDA:337,51,1,1
BRF:108
BRH:65
end_of_record
TN:
SF:src/components/MediaViewer.jsx
FN:9,MediaViewer
FN:17,(anonymous_1)
FN:22,(anonymous_2)
FN:23,(anonymous_3)
FN:26,(anonymous_4)
FN:29,(anonymous_5)
FN:34,(anonymous_6)
FN:37,(anonymous_7)
FN:38,(anonymous_8)
FN:41,(anonymous_9)
FN:42,(anonymous_10)
FN:45,(anonymous_11)
FN:49,(anonymous_12)
FN:54,(anonymous_13)
FN:151,(anonymous_14)
FN:155,(anonymous_15)
FN:160,(anonymous_16)
FNF:17
FNH:8
FNDA:6,MediaViewer
FNDA:4,(anonymous_1)
FNDA:3,(anonymous_2)
FNDA:2,(anonymous_3)
FNDA:0,(anonymous_4)
FNDA:1,(anonymous_5)
FNDA:3,(anonymous_6)
FNDA:0,(anonymous_7)
FNDA:0,(anonymous_8)
FNDA:0,(anonymous_9)
FNDA:0,(anonymous_10)
FNDA:0,(anonymous_11)
FNDA:1,(anonymous_12)
FNDA:0,(anonymous_13)
FNDA:12,(anonymous_14)
FNDA:0,(anonymous_15)
FNDA:0,(anonymous_16)
DA:10,6
DA:11,6
DA:12,6
DA:14,6
DA:15,6
DA:17,6
DA:18,4
DA:19,4
DA:22,6
DA:23,3
DA:24,2
DA:25,2
DA:26,0
DA:28,2
DA:29,1
DA:33,3
DA:34,3
DA:37,6
DA:38,0
DA:41,6
DA:42,0
DA:45,6
DA:46,0
DA:49,6
DA:50,1
DA:51,1
DA:54,6
DA:55,0
DA:56,0
DA:60,6
DA:152,12
DA:155,0
DA:161,0
LF:33
LH:25
BRDA:9,0,0,0
BRDA:24,1,0,1
BRDA:24,1,1,1
BRDA:25,2,0,0
BRDA:25,2,1,2
BRDA:26,3,0,0
BRDA:26,3,1,0
BRDA:28,4,0,1
BRDA:28,4,1,1
BRDA:29,5,0,1
BRDA:29,5,1,0
BRDA:38,6,0,0
BRDA:38,6,1,0
BRDA:42,7,0,0
BRDA:42,7,1,0
BRDA:55,8,0,0
BRDA:55,8,1,0
BRDA:69,9,0,6
BRDA:69,9,1,6
BRDA:90,10,0,6
BRDA:90,10,1,5
BRDA:90,10,2,5
BRDA:97,11,0,6
BRDA:97,11,1,1
BRDA:107,12,0,6
BRDA:107,12,1,5
BRDA:109,13,0,2
BRDA:109,13,1,3
BRDA:123,14,0,3
BRDA:123,14,1,0
BRDA:149,15,0,6
BRDA:149,15,1,6
BRDA:149,15,2,6
BRDA:154,16,0,6
BRDA:154,16,1,6
BRF:35
BRH:23
end_of_record
TN:
SF:src/components/RichContentView.jsx
FN:26,formatTimestamp
FN:44,shortenNpub
FN:60,getSourceIcon
FN:71,SourceBadge
FN:85,AuthorRow
FN:96,(anonymous_5)
FN:120,LazyImage
FN:125,(anonymous_7)
FN:127,(anonymous_8)
FN:135,(anonymous_9)
FN:153,(anonymous_10)
FN:154,(anonymous_11)
FN:165,MediaGallery
FN:172,(anonymous_13)
FN:190,VideoEmbed
FN:217,LinkPreviewCard
FN:222,(anonymous_16)
FN:229,(anonymous_17)
FN:230,(anonymous_18)
FN:233,(anonymous_19)
FN:246,(anonymous_20)
FN:247,(anonymous_21)
FN:294,TagList
FN:298,(anonymous_23)
FN:302,(anonymous_24)
FN:325,RichContentView
FN:337,(anonymous_26)
FN:340,(anonymous_27)
FN:376,(anonymous_28)
FN:381,(anonymous_29)
FN:386,(anonymous_30)
FN:398,(anonymous_31)
FN:422,(anonymous_32)
FN:467,(anonymous_33)
FN:511,(anonymous_34)
FN:516,(anonymous_35)
FN:533,(anonymous_36)
FN:536,(anonymous_37)
FN:543,(anonymous_38)
FN:545,(anonymous_39)
FN:550,(anonymous_40)
FNF:41
FNH:21
FNDA:2,formatTimestamp
FNDA:0,shortenNpub
FNDA:4,getSourceIcon
FNDA:4,SourceBadge
FNDA:0,AuthorRow
FNDA:0,(anonymous_5)
FNDA:0,LazyImage
FNDA:0,(anonymous_7)
FNDA:0,(anonymous_8)
FNDA:0,(anonymous_9)
FNDA:0,(anonymous_10)
FNDA:0,(anonymous_11)
FNDA:0,MediaGallery
FNDA:0,(anonymous_13)
FNDA:0,VideoEmbed
FNDA:3,LinkPreviewCard
FNDA:1,(anonymous_16)
FNDA:1,(anonymous_17)
FNDA:1,(anonymous_18)
FNDA:5,(anonymous_19)
FNDA:0,(anonymous_20)
FNDA:1,(anonymous_21)
FNDA:2,TagList
FNDA:4,(anonymous_23)
FNDA:1,(anonymous_24)
FNDA:4,RichContentView
FNDA:4,(anonymous_26)
FNDA:4,(anonymous_27)
FNDA:1,(anonymous_28)
FNDA:1,(anonymous_29)
FNDA:1,(anonymous_30)
FNDA:0,(anonymous_31)
FNDA:0,(anonymous_32)
FNDA:0,(anonymous_33)
FNDA:0,(anonymous_34)
FNDA:0,(anonymous_35)
FNDA:0,(anonymous_36)
FNDA:0,(anonymous_37)
FNDA:1,(anonymous_38)
FNDA:1,(anonymous_39)
FNDA:1,(anonymous_40)
DA:27,2
DA:28,2
DA:29,2
DA:31,2
DA:32,2
DA:33,2
DA:34,2
DA:35,2
DA:37,2
DA:38,0
DA:39,0
DA:40,0
DA:41,0
DA:45,0
DA:46,0
DA:49,1
DA:61,4
DA:72,4
DA:73,4
DA:74,4
DA:86,0
DA:88,0
DA:96,0
DA:121,0
DA:122,0
DA:123,0
DA:125,0
DA:126,0
DA:128,0
DA:129,0
DA:134,0
DA:135,0
DA:138,0
DA:139,0
DA:146,0
DA:153,0
DA:154,0
DA:166,0
DA:167,0
DA:168,0
DA:170,0
DA:173,0
DA:191,0
DA:192,0
DA:205,0
DA:218,3
DA:219,3
DA:220,3
DA:222,3
DA:223,1
DA:224,1
DA:227,1
DA:228,1
DA:229,1
DA:231,1
DA:232,1
DA:233,1
DA:234,5
DA:236,1
DA:237,1
DA:238,1
DA:239,1
DA:240,1
DA:241,1
DA:243,0
DA:246,0
DA:247,1
DA:250,3
DA:251,1
DA:260,2
DA:261,1
DA:268,1
DA:295,2
DA:296,2
DA:299,4
DA:302,1
DA:331,4
DA:333,4
DA:334,4
DA:337,4
DA:338,4
DA:339,4
DA:340,4
DA:341,4
DA:342,0
DA:345,4
DA:347,4
DA:348,4
DA:351,4
DA:352,4
DA:353,4
DA:356,4
DA:357,4
DA:360,4
DA:361,4
DA:362,4
DA:365,4
DA:366,4
DA:367,4
DA:368,4
DA:371,4
DA:374,4
DA:376,4
DA:377,1
DA:378,1
DA:381,4
DA:382,1
DA:383,1
DA:386,4
DA:387,1
DA:388,1
DA:392,4
DA:393,2
DA:398,0
DA:420,2
DA:421,1
DA:422,0
DA:466,1
DA:467,0
DA:512,0
DA:516,0
DA:534,0
DA:537,0
DA:544,1
DA:545,1
DA:547,1
DA:548,1
DA:551,1
LF:128
LH:87
BRDA:27,0,0,0
BRDA:27,0,1,2
BRDA:28,1,0,0
BRDA:28,1,1,2
BRDA:28,2,0,2
BRDA:28,2,1,2
BRDA:29,3,0,0
BRDA:29,3,1,2
BRDA:37,4,0,2
BRDA:37,4,1,0
BRDA:38,5,0,0
BRDA:38,5,1,0
BRDA:39,6,0,0
BRDA:39,6,1,0
BRDA:40,7,0,0
BRDA:40,7,1,0
BRDA:45,8,0,0
BRDA:45,8,1,0
BRDA:45,9,0,0
BRDA:45,9,1,0
BRDA:61,10,0,4
BRDA:61,10,1,0
BRDA:73,11,0,4
BRDA:73,11,1,4
BRDA:73,11,2,4
BRDA:73,11,3,0
BRDA:73,12,0,0
BRDA:73,12,1,4
BRDA:91,13,0,0
BRDA:91,13,1,0
BRDA:91,14,0,0
BRDA:91,14,1,0
BRDA:94,15,0,0
BRDA:94,15,1,0
BRDA:100,16,0,0
BRDA:100,16,1,0
BRDA:100,16,2,0
BRDA:105,17,0,0
BRDA:105,17,1,0
BRDA:106,18,0,0
BRDA:106,18,1,0
BRDA:107,19,0,0
BRDA:107,19,1,0
BRDA:107,19,2,0
BRDA:128,20,0,0
BRDA:128,20,1,0
BRDA:128,21,0,0
BRDA:128,21,1,0
BRDA:134,22,0,0
BRDA:134,22,1,0
BRDA:138,23,0,0
BRDA:138,23,1,0
BRDA:147,24,0,0
BRDA:147,24,1,0
BRDA:148,25,0,0
BRDA:148,25,1,0
BRDA:151,26,0,0
BRDA:151,26,1,0
BRDA:155,27,0,0
BRDA:155,27,1,0
BRDA:177,28,0,0
BRDA:177,28,1,0
BRDA:191,29,0,0
BRDA:191,29,1,0
BRDA:223,30,0,0
BRDA:223,30,1,1
BRDA:231,31,0,1
BRDA:231,31,1,0
BRDA:234,32,0,5
BRDA:234,32,1,4
BRDA:234,32,2,4
BRDA:236,33,0,1
BRDA:236,33,1,0
BRDA:236,33,2,0
BRDA:237,34,0,1
BRDA:237,34,1,1
BRDA:237,34,2,1
BRDA:238,35,0,1
BRDA:238,35,1,1
BRDA:239,36,0,1
BRDA:239,36,1,1
BRDA:240,37,0,1
BRDA:240,37,1,0
BRDA:250,38,0,1
BRDA:250,38,1,2
BRDA:260,39,0,1
BRDA:260,39,1,1
BRDA:260,40,0,2
BRDA:260,40,1,2
BRDA:275,41,0,1
BRDA:275,41,1,0
BRDA:283,42,0,1
BRDA:283,42,1,0
BRDA:295,43,0,0
BRDA:295,43,1,2
BRDA:295,44,0,2
BRDA:295,44,1,2
BRDA:302,45,0,1
BRDA:302,45,1,1
BRDA:329,46,0,4
BRDA:333,47,0,4
BRDA:333,47,1,0
BRDA:334,48,0,4
BRDA:334,48,1,0
BRDA:339,49,0,4
BRDA:339,49,1,0
BRDA:341,50,0,4
BRDA:341,50,1,0
BRDA:342,51,0,0
BRDA:342,51,1,0
BRDA:345,52,0,0
BRDA:345,52,1,4
BRDA:352,53,0,4
BRDA:352,53,1,4
BRDA:352,53,2,4
BRDA:353,54,0,4
BRDA:353,54,1,4
BRDA:356,55,0,4
BRDA:356,55,1,0
BRDA:356,55,2,0
BRDA:357,56,0,4
BRDA:357,56,1,4
BRDA:361,57,0,0
BRDA:361,57,1,4
BRDA:362,58,0,4
BRDA:362,58,1,0
BRDA:362,58,2,0
BRDA:365,59,0,4
BRDA:365,59,1,4
BRDA:365,59,2,4
BRDA:366,60,0,4
BRDA:366,60,1,4
BRDA:367,61,0,4
BRDA:367,61,1,4
BRDA:368,62,0,4
BRDA:368,62,1,4
BRDA:368,62,2,4
BRDA:392,63,0,2
BRDA:392,63,1,2
BRDA:397,64,0,0
BRDA:397,64,1,2
BRDA:403,65,0,2
BRDA:403,65,1,2
BRDA:403,65,2,2
BRDA:408,66,0,2
BRDA:408,66,1,2
BRDA:420,67,0,1
BRDA:420,67,1,1
BRDA:425,68,0,0
BRDA:425,68,1,1
BRDA:431,69,0,1
BRDA:431,69,1,1
BRDA:431,69,2,1
BRDA:439,70,0,1
BRDA:439,70,1,1
BRDA:444,71,0,1
BRDA:444,71,1,0
BRDA:444,71,2,0
BRDA:469,72,0,1
BRDA:469,72,1,1
BRDA:469,72,2,0
BRDA:481,73,0,0
BRDA:481,73,1,1
BRDA:487,74,0,1
BRDA:487,74,1,1
BRDA:487,74,2,1
BRDA:494,75,0,1
BRDA:494,75,1,1
BRDA:499,76,0,1
BRDA:499,76,1,0
BRDA:499,76,2,0
BRDA:524,77,0,1
BRDA:524,77,1,0
BRDA:531,78,0,1
BRDA:531,78,1,1
BRDA:531,78,2,0
BRDA:543,79,0,1
BRDA:543,79,1,1
BRDA:544,80,0,1
BRDA:544,80,1,0
BRDA:547,81,0,0
BRDA:547,81,1,1
BRF:182
BRH:97
end_of_record
TN:
SF:src/components/TagFilterSidebar.jsx
FN:9,(anonymous_0)
FN:27,TagFilterSidebar
FN:43,(anonymous_2)
FN:48,(anonymous_3)
FN:68,(anonymous_4)
FN:80,(anonymous_5)
FN:104,(anonymous_6)
FN:108,(anonymous_7)
FN:130,(anonymous_8)
FN:145,(anonymous_9)
FN:159,(anonymous_10)
FN:168,(anonymous_11)
FN:181,(anonymous_12)
FN:195,(anonymous_13)
FN:197,(anonymous_14)
FN:199,(anonymous_15)
FN:203,(anonymous_16)
FN:224,(anonymous_17)
FN:228,(anonymous_18)
FNF:19
FNH:10
FNDA:1,(anonymous_0)
FNDA:1,TagFilterSidebar
FNDA:1,(anonymous_2)
FNDA:1,(anonymous_3)
FNDA:1,(anonymous_4)
FNDA:1,(anonymous_5)
FNDA:2,(anonymous_6)
FNDA:1,(anonymous_7)
FNDA:1,(anonymous_8)
FNDA:1,(anonymous_9)
FNDA:0,(anonymous_10)
FNDA:0,(anonymous_11)
FNDA:0,(anonymous_12)
FNDA:0,(anonymous_13)
FNDA:0,(anonymous_14)
FNDA:0,(anonymous_15)
FNDA:0,(anonymous_16)
FNDA:0,(anonymous_17)
FNDA:0,(anonymous_18)
DA:9,1
DA:10,1
DA:12,1
DA:13,0
DA:16,1
DA:17,0
DA:18,0
DA:19,0
DA:22,1
DA:25,1
DA:36,1
DA:37,1
DA:38,1
DA:39,1
DA:40,1
DA:41,1
DA:43,1
DA:44,1
DA:45,1
DA:48,1
DA:49,1
DA:50,1
DA:51,1
DA:52,1
DA:53,1
DA:54,1
DA:56,1
DA:57,1
DA:58,1
DA:59,1
DA:62,0
DA:64,1
DA:68,1
DA:69,1
DA:70,1
DA:71,1
DA:72,1
DA:73,1
DA:76,0
DA:80,1
DA:81,1
DA:84,1
DA:86,1
DA:105,2
DA:108,1
DA:130,1
DA:145,1
DA:159,0
DA:168,0
DA:181,0
DA:195,0
DA:197,0
DA:200,0
DA:203,0
DA:225,0
DA:228,0
LF:56
LH:41
BRDA:12,0,0,0
BRDA:12,0,1,1
BRDA:13,1,0,0
BRDA:13,1,1,0
BRDA:16,2,0,0
BRDA:16,2,1,1
BRDA:19,3,0,0
BRDA:19,3,1,0
BRDA:19,4,0,0
BRDA:19,4,1,0
BRDA:53,5,0,0
BRDA:53,5,1,1
BRDA:54,6,0,0
BRDA:54,6,1,1
BRDA:57,7,0,1
BRDA:57,7,1,0
BRDA:71,8,0,1
BRDA:71,8,1,0
BRDA:84,9,0,1
BRDA:84,9,1,0
BRDA:84,9,2,0
BRDA:89,10,0,1
BRDA:89,10,1,1
BRDA:102,11,0,1
BRDA:102,11,1,1
BRDA:134,12,0,1
BRDA:134,12,1,1
BRDA:152,13,0,1
BRDA:152,13,1,1
BRDA:187,14,0,1
BRDA:187,14,1,0
BRDA:194,15,0,0
BRDA:194,15,1,0
BRDA:201,16,0,0
BRDA:201,16,1,0
BRDA:202,17,0,0
BRDA:202,17,1,0
BRDA:205,18,0,0
BRDA:205,18,1,0
BRDA:216,19,0,1
BRDA:216,19,1,1
BRDA:219,20,0,1
BRDA:219,20,1,1
BRDA:219,20,2,0
BRDA:227,21,0,0
BRDA:227,21,1,0
BRDA:229,22,0,0
BRDA:229,22,1,0
BRDA:244,23,0,1
BRDA:244,23,1,1
BRF:50
BRH:22
end_of_record
